[2024-06-15T05:04:18.473+0000] {processor.py:157} INFO - Started process (PID=73) to work on /opt/airflow/dags/kafka_stream.py
[2024-06-15T05:04:18.474+0000] {processor.py:829} INFO - Processing file /opt/airflow/dags/kafka_stream.py for tasks to queue
[2024-06-15T05:04:18.475+0000] {logging_mixin.py:151} INFO - [2024-06-15T05:04:18.474+0000] {dagbag.py:539} INFO - Filling up the DagBag from /opt/airflow/dags/kafka_stream.py
[2024-06-15T05:04:18.484+0000] {processor.py:839} INFO - DAG(s) dict_keys(['weather']) retrieved from /opt/airflow/dags/kafka_stream.py
[2024-06-15T05:04:18.502+0000] {logging_mixin.py:151} INFO - [2024-06-15T05:04:18.502+0000] {dag.py:2907} INFO - Sync 1 DAGs
[2024-06-15T05:04:18.515+0000] {logging_mixin.py:151} INFO - [2024-06-15T05:04:18.515+0000] {dag.py:3677} INFO - Setting next_dagrun for weather to 2024-06-15T04:45:00+00:00, run_after=2024-06-15T05:00:00+00:00
[2024-06-15T05:04:18.524+0000] {processor.py:179} INFO - Processing /opt/airflow/dags/kafka_stream.py took 0.056 seconds
[2024-06-15T05:04:48.752+0000] {processor.py:157} INFO - Started process (PID=78) to work on /opt/airflow/dags/kafka_stream.py
[2024-06-15T05:04:48.753+0000] {processor.py:829} INFO - Processing file /opt/airflow/dags/kafka_stream.py for tasks to queue
[2024-06-15T05:04:48.754+0000] {logging_mixin.py:151} INFO - [2024-06-15T05:04:48.754+0000] {dagbag.py:539} INFO - Filling up the DagBag from /opt/airflow/dags/kafka_stream.py
[2024-06-15T05:04:48.767+0000] {processor.py:839} INFO - DAG(s) dict_keys(['weather']) retrieved from /opt/airflow/dags/kafka_stream.py
[2024-06-15T05:04:48.793+0000] {logging_mixin.py:151} INFO - [2024-06-15T05:04:48.792+0000] {dag.py:2907} INFO - Sync 1 DAGs
[2024-06-15T05:04:48.807+0000] {logging_mixin.py:151} INFO - [2024-06-15T05:04:48.806+0000] {dag.py:3677} INFO - Setting next_dagrun for weather to 2024-06-15T05:00:00+00:00, run_after=2024-06-15T05:15:00+00:00
[2024-06-15T05:04:48.839+0000] {processor.py:179} INFO - Processing /opt/airflow/dags/kafka_stream.py took 0.090 seconds
[2024-06-15T05:05:19.193+0000] {processor.py:157} INFO - Started process (PID=79) to work on /opt/airflow/dags/kafka_stream.py
[2024-06-15T05:05:19.196+0000] {processor.py:829} INFO - Processing file /opt/airflow/dags/kafka_stream.py for tasks to queue
[2024-06-15T05:05:19.199+0000] {logging_mixin.py:151} INFO - [2024-06-15T05:05:19.198+0000] {dagbag.py:539} INFO - Filling up the DagBag from /opt/airflow/dags/kafka_stream.py
[2024-06-15T05:05:19.236+0000] {processor.py:839} INFO - DAG(s) dict_keys(['weather']) retrieved from /opt/airflow/dags/kafka_stream.py
[2024-06-15T05:05:19.282+0000] {logging_mixin.py:151} INFO - [2024-06-15T05:05:19.282+0000] {dag.py:2907} INFO - Sync 1 DAGs
[2024-06-15T05:05:19.298+0000] {logging_mixin.py:151} INFO - [2024-06-15T05:05:19.298+0000] {dag.py:3677} INFO - Setting next_dagrun for weather to 2024-06-15T05:00:00+00:00, run_after=2024-06-15T05:15:00+00:00
[2024-06-15T05:05:19.307+0000] {processor.py:179} INFO - Processing /opt/airflow/dags/kafka_stream.py took 0.121 seconds
[2024-06-15T05:05:49.492+0000] {processor.py:157} INFO - Started process (PID=80) to work on /opt/airflow/dags/kafka_stream.py
[2024-06-15T05:05:49.493+0000] {processor.py:829} INFO - Processing file /opt/airflow/dags/kafka_stream.py for tasks to queue
[2024-06-15T05:05:49.494+0000] {logging_mixin.py:151} INFO - [2024-06-15T05:05:49.494+0000] {dagbag.py:539} INFO - Filling up the DagBag from /opt/airflow/dags/kafka_stream.py
[2024-06-15T05:05:49.516+0000] {processor.py:839} INFO - DAG(s) dict_keys(['weather']) retrieved from /opt/airflow/dags/kafka_stream.py
[2024-06-15T05:05:49.561+0000] {logging_mixin.py:151} INFO - [2024-06-15T05:05:49.560+0000] {dag.py:2907} INFO - Sync 1 DAGs
[2024-06-15T05:05:49.584+0000] {logging_mixin.py:151} INFO - [2024-06-15T05:05:49.584+0000] {dag.py:3677} INFO - Setting next_dagrun for weather to 2024-06-15T05:00:00+00:00, run_after=2024-06-15T05:15:00+00:00
[2024-06-15T05:05:49.594+0000] {processor.py:179} INFO - Processing /opt/airflow/dags/kafka_stream.py took 0.116 seconds
[2024-06-15T05:06:19.769+0000] {processor.py:157} INFO - Started process (PID=81) to work on /opt/airflow/dags/kafka_stream.py
[2024-06-15T05:06:19.770+0000] {processor.py:829} INFO - Processing file /opt/airflow/dags/kafka_stream.py for tasks to queue
[2024-06-15T05:06:19.771+0000] {logging_mixin.py:151} INFO - [2024-06-15T05:06:19.770+0000] {dagbag.py:539} INFO - Filling up the DagBag from /opt/airflow/dags/kafka_stream.py
[2024-06-15T05:06:19.815+0000] {processor.py:839} INFO - DAG(s) dict_keys(['weather']) retrieved from /opt/airflow/dags/kafka_stream.py
[2024-06-15T05:06:19.848+0000] {logging_mixin.py:151} INFO - [2024-06-15T05:06:19.848+0000] {dag.py:2907} INFO - Sync 1 DAGs
[2024-06-15T05:06:19.864+0000] {logging_mixin.py:151} INFO - [2024-06-15T05:06:19.864+0000] {dag.py:3677} INFO - Setting next_dagrun for weather to 2024-06-15T05:00:00+00:00, run_after=2024-06-15T05:15:00+00:00
[2024-06-15T05:06:19.886+0000] {processor.py:179} INFO - Processing /opt/airflow/dags/kafka_stream.py took 0.121 seconds
[2024-06-15T05:06:50.129+0000] {processor.py:157} INFO - Started process (PID=82) to work on /opt/airflow/dags/kafka_stream.py
[2024-06-15T05:06:50.130+0000] {processor.py:829} INFO - Processing file /opt/airflow/dags/kafka_stream.py for tasks to queue
[2024-06-15T05:06:50.132+0000] {logging_mixin.py:151} INFO - [2024-06-15T05:06:50.131+0000] {dagbag.py:539} INFO - Filling up the DagBag from /opt/airflow/dags/kafka_stream.py
[2024-06-15T05:06:50.157+0000] {processor.py:839} INFO - DAG(s) dict_keys(['weather']) retrieved from /opt/airflow/dags/kafka_stream.py
[2024-06-15T05:06:50.205+0000] {logging_mixin.py:151} INFO - [2024-06-15T05:06:50.205+0000] {dag.py:2907} INFO - Sync 1 DAGs
[2024-06-15T05:06:50.230+0000] {logging_mixin.py:151} INFO - [2024-06-15T05:06:50.230+0000] {dag.py:3677} INFO - Setting next_dagrun for weather to 2024-06-15T05:00:00+00:00, run_after=2024-06-15T05:15:00+00:00
[2024-06-15T05:06:50.240+0000] {processor.py:179} INFO - Processing /opt/airflow/dags/kafka_stream.py took 0.117 seconds
[2024-06-15T05:07:20.389+0000] {processor.py:157} INFO - Started process (PID=83) to work on /opt/airflow/dags/kafka_stream.py
[2024-06-15T05:07:20.390+0000] {processor.py:829} INFO - Processing file /opt/airflow/dags/kafka_stream.py for tasks to queue
[2024-06-15T05:07:20.392+0000] {logging_mixin.py:151} INFO - [2024-06-15T05:07:20.391+0000] {dagbag.py:539} INFO - Filling up the DagBag from /opt/airflow/dags/kafka_stream.py
[2024-06-15T05:07:20.411+0000] {processor.py:839} INFO - DAG(s) dict_keys(['weather']) retrieved from /opt/airflow/dags/kafka_stream.py
[2024-06-15T05:07:20.437+0000] {logging_mixin.py:151} INFO - [2024-06-15T05:07:20.437+0000] {dag.py:2907} INFO - Sync 1 DAGs
[2024-06-15T05:07:20.452+0000] {logging_mixin.py:151} INFO - [2024-06-15T05:07:20.451+0000] {dag.py:3677} INFO - Setting next_dagrun for weather to 2024-06-15T05:00:00+00:00, run_after=2024-06-15T05:15:00+00:00
[2024-06-15T05:07:20.460+0000] {processor.py:179} INFO - Processing /opt/airflow/dags/kafka_stream.py took 0.076 seconds
[2024-06-15T05:07:50.759+0000] {processor.py:157} INFO - Started process (PID=84) to work on /opt/airflow/dags/kafka_stream.py
[2024-06-15T05:07:50.760+0000] {processor.py:829} INFO - Processing file /opt/airflow/dags/kafka_stream.py for tasks to queue
[2024-06-15T05:07:50.761+0000] {logging_mixin.py:151} INFO - [2024-06-15T05:07:50.761+0000] {dagbag.py:539} INFO - Filling up the DagBag from /opt/airflow/dags/kafka_stream.py
[2024-06-15T05:07:50.781+0000] {processor.py:839} INFO - DAG(s) dict_keys(['weather']) retrieved from /opt/airflow/dags/kafka_stream.py
[2024-06-15T05:07:50.822+0000] {logging_mixin.py:151} INFO - [2024-06-15T05:07:50.822+0000] {dag.py:2907} INFO - Sync 1 DAGs
[2024-06-15T05:07:50.843+0000] {logging_mixin.py:151} INFO - [2024-06-15T05:07:50.843+0000] {dag.py:3677} INFO - Setting next_dagrun for weather to 2024-06-15T05:00:00+00:00, run_after=2024-06-15T05:15:00+00:00
[2024-06-15T05:07:50.855+0000] {processor.py:179} INFO - Processing /opt/airflow/dags/kafka_stream.py took 0.102 seconds
[2024-06-15T05:08:21.101+0000] {processor.py:157} INFO - Started process (PID=85) to work on /opt/airflow/dags/kafka_stream.py
[2024-06-15T05:08:21.101+0000] {processor.py:829} INFO - Processing file /opt/airflow/dags/kafka_stream.py for tasks to queue
[2024-06-15T05:08:21.102+0000] {logging_mixin.py:151} INFO - [2024-06-15T05:08:21.102+0000] {dagbag.py:539} INFO - Filling up the DagBag from /opt/airflow/dags/kafka_stream.py
[2024-06-15T05:08:21.120+0000] {processor.py:839} INFO - DAG(s) dict_keys(['weather']) retrieved from /opt/airflow/dags/kafka_stream.py
[2024-06-15T05:08:21.181+0000] {logging_mixin.py:151} INFO - [2024-06-15T05:08:21.181+0000] {dag.py:2907} INFO - Sync 1 DAGs
[2024-06-15T05:08:21.204+0000] {logging_mixin.py:151} INFO - [2024-06-15T05:08:21.204+0000] {dag.py:3677} INFO - Setting next_dagrun for weather to 2024-06-15T05:00:00+00:00, run_after=2024-06-15T05:15:00+00:00
[2024-06-15T05:08:21.229+0000] {processor.py:179} INFO - Processing /opt/airflow/dags/kafka_stream.py took 0.132 seconds
[2024-06-15T05:08:51.531+0000] {processor.py:157} INFO - Started process (PID=86) to work on /opt/airflow/dags/kafka_stream.py
[2024-06-15T05:08:51.532+0000] {processor.py:829} INFO - Processing file /opt/airflow/dags/kafka_stream.py for tasks to queue
[2024-06-15T05:08:51.533+0000] {logging_mixin.py:151} INFO - [2024-06-15T05:08:51.532+0000] {dagbag.py:539} INFO - Filling up the DagBag from /opt/airflow/dags/kafka_stream.py
[2024-06-15T05:08:51.556+0000] {processor.py:839} INFO - DAG(s) dict_keys(['weather']) retrieved from /opt/airflow/dags/kafka_stream.py
[2024-06-15T05:08:51.589+0000] {logging_mixin.py:151} INFO - [2024-06-15T05:08:51.589+0000] {dag.py:2907} INFO - Sync 1 DAGs
[2024-06-15T05:08:51.606+0000] {logging_mixin.py:151} INFO - [2024-06-15T05:08:51.606+0000] {dag.py:3677} INFO - Setting next_dagrun for weather to 2024-06-15T05:00:00+00:00, run_after=2024-06-15T05:15:00+00:00
[2024-06-15T05:08:51.615+0000] {processor.py:179} INFO - Processing /opt/airflow/dags/kafka_stream.py took 0.105 seconds
[2024-06-15T05:09:21.881+0000] {processor.py:157} INFO - Started process (PID=87) to work on /opt/airflow/dags/kafka_stream.py
[2024-06-15T05:09:21.882+0000] {processor.py:829} INFO - Processing file /opt/airflow/dags/kafka_stream.py for tasks to queue
[2024-06-15T05:09:21.883+0000] {logging_mixin.py:151} INFO - [2024-06-15T05:09:21.882+0000] {dagbag.py:539} INFO - Filling up the DagBag from /opt/airflow/dags/kafka_stream.py
[2024-06-15T05:09:21.914+0000] {processor.py:839} INFO - DAG(s) dict_keys(['weather']) retrieved from /opt/airflow/dags/kafka_stream.py
[2024-06-15T05:09:21.943+0000] {logging_mixin.py:151} INFO - [2024-06-15T05:09:21.943+0000] {dag.py:2907} INFO - Sync 1 DAGs
[2024-06-15T05:09:21.960+0000] {logging_mixin.py:151} INFO - [2024-06-15T05:09:21.960+0000] {dag.py:3677} INFO - Setting next_dagrun for weather to 2024-06-15T05:00:00+00:00, run_after=2024-06-15T05:15:00+00:00
[2024-06-15T05:09:21.968+0000] {processor.py:179} INFO - Processing /opt/airflow/dags/kafka_stream.py took 0.093 seconds
[2024-06-15T05:09:52.162+0000] {processor.py:157} INFO - Started process (PID=88) to work on /opt/airflow/dags/kafka_stream.py
[2024-06-15T05:09:52.163+0000] {processor.py:829} INFO - Processing file /opt/airflow/dags/kafka_stream.py for tasks to queue
[2024-06-15T05:09:52.164+0000] {logging_mixin.py:151} INFO - [2024-06-15T05:09:52.163+0000] {dagbag.py:539} INFO - Filling up the DagBag from /opt/airflow/dags/kafka_stream.py
[2024-06-15T05:09:52.182+0000] {processor.py:839} INFO - DAG(s) dict_keys(['weather']) retrieved from /opt/airflow/dags/kafka_stream.py
[2024-06-15T05:09:52.215+0000] {logging_mixin.py:151} INFO - [2024-06-15T05:09:52.214+0000] {dag.py:2907} INFO - Sync 1 DAGs
[2024-06-15T05:09:52.240+0000] {logging_mixin.py:151} INFO - [2024-06-15T05:09:52.239+0000] {dag.py:3677} INFO - Setting next_dagrun for weather to 2024-06-15T05:00:00+00:00, run_after=2024-06-15T05:15:00+00:00
[2024-06-15T05:09:52.249+0000] {processor.py:179} INFO - Processing /opt/airflow/dags/kafka_stream.py took 0.093 seconds
[2024-06-15T05:10:22.482+0000] {processor.py:157} INFO - Started process (PID=89) to work on /opt/airflow/dags/kafka_stream.py
[2024-06-15T05:10:22.486+0000] {processor.py:829} INFO - Processing file /opt/airflow/dags/kafka_stream.py for tasks to queue
[2024-06-15T05:10:22.491+0000] {logging_mixin.py:151} INFO - [2024-06-15T05:10:22.489+0000] {dagbag.py:539} INFO - Filling up the DagBag from /opt/airflow/dags/kafka_stream.py
[2024-06-15T05:10:22.516+0000] {processor.py:839} INFO - DAG(s) dict_keys(['weather']) retrieved from /opt/airflow/dags/kafka_stream.py
[2024-06-15T05:10:22.544+0000] {logging_mixin.py:151} INFO - [2024-06-15T05:10:22.544+0000] {dag.py:2907} INFO - Sync 1 DAGs
[2024-06-15T05:10:22.562+0000] {logging_mixin.py:151} INFO - [2024-06-15T05:10:22.562+0000] {dag.py:3677} INFO - Setting next_dagrun for weather to 2024-06-15T05:00:00+00:00, run_after=2024-06-15T05:15:00+00:00
[2024-06-15T05:10:22.571+0000] {processor.py:179} INFO - Processing /opt/airflow/dags/kafka_stream.py took 0.095 seconds
[2024-06-15T05:10:53.018+0000] {processor.py:157} INFO - Started process (PID=90) to work on /opt/airflow/dags/kafka_stream.py
[2024-06-15T05:10:53.051+0000] {processor.py:829} INFO - Processing file /opt/airflow/dags/kafka_stream.py for tasks to queue
[2024-06-15T05:10:53.057+0000] {logging_mixin.py:151} INFO - [2024-06-15T05:10:53.054+0000] {dagbag.py:539} INFO - Filling up the DagBag from /opt/airflow/dags/kafka_stream.py
[2024-06-15T05:10:53.115+0000] {processor.py:839} INFO - DAG(s) dict_keys(['weather']) retrieved from /opt/airflow/dags/kafka_stream.py
[2024-06-15T05:10:53.172+0000] {logging_mixin.py:151} INFO - [2024-06-15T05:10:53.171+0000] {dag.py:2907} INFO - Sync 1 DAGs
[2024-06-15T05:10:53.221+0000] {logging_mixin.py:151} INFO - [2024-06-15T05:10:53.221+0000] {dag.py:3677} INFO - Setting next_dagrun for weather to 2024-06-15T05:00:00+00:00, run_after=2024-06-15T05:15:00+00:00
[2024-06-15T05:10:53.238+0000] {processor.py:179} INFO - Processing /opt/airflow/dags/kafka_stream.py took 0.444 seconds
[2024-06-15T05:11:23.579+0000] {processor.py:157} INFO - Started process (PID=91) to work on /opt/airflow/dags/kafka_stream.py
[2024-06-15T05:11:23.580+0000] {processor.py:829} INFO - Processing file /opt/airflow/dags/kafka_stream.py for tasks to queue
[2024-06-15T05:11:23.581+0000] {logging_mixin.py:151} INFO - [2024-06-15T05:11:23.580+0000] {dagbag.py:539} INFO - Filling up the DagBag from /opt/airflow/dags/kafka_stream.py
[2024-06-15T05:11:23.598+0000] {processor.py:839} INFO - DAG(s) dict_keys(['weather']) retrieved from /opt/airflow/dags/kafka_stream.py
[2024-06-15T05:11:23.650+0000] {logging_mixin.py:151} INFO - [2024-06-15T05:11:23.650+0000] {dag.py:2907} INFO - Sync 1 DAGs
[2024-06-15T05:11:23.670+0000] {logging_mixin.py:151} INFO - [2024-06-15T05:11:23.670+0000] {dag.py:3677} INFO - Setting next_dagrun for weather to 2024-06-15T05:00:00+00:00, run_after=2024-06-15T05:15:00+00:00
[2024-06-15T05:11:23.679+0000] {processor.py:179} INFO - Processing /opt/airflow/dags/kafka_stream.py took 0.104 seconds
[2024-06-15T05:11:54.032+0000] {processor.py:157} INFO - Started process (PID=92) to work on /opt/airflow/dags/kafka_stream.py
[2024-06-15T05:11:54.032+0000] {processor.py:829} INFO - Processing file /opt/airflow/dags/kafka_stream.py for tasks to queue
[2024-06-15T05:11:54.033+0000] {logging_mixin.py:151} INFO - [2024-06-15T05:11:54.033+0000] {dagbag.py:539} INFO - Filling up the DagBag from /opt/airflow/dags/kafka_stream.py
[2024-06-15T05:11:54.051+0000] {processor.py:839} INFO - DAG(s) dict_keys(['weather']) retrieved from /opt/airflow/dags/kafka_stream.py
[2024-06-15T05:11:54.093+0000] {logging_mixin.py:151} INFO - [2024-06-15T05:11:54.093+0000] {dag.py:2907} INFO - Sync 1 DAGs
[2024-06-15T05:11:54.111+0000] {logging_mixin.py:151} INFO - [2024-06-15T05:11:54.111+0000] {dag.py:3677} INFO - Setting next_dagrun for weather to 2024-06-15T05:00:00+00:00, run_after=2024-06-15T05:15:00+00:00
[2024-06-15T05:11:54.122+0000] {processor.py:179} INFO - Processing /opt/airflow/dags/kafka_stream.py took 0.095 seconds
[2024-06-15T05:12:24.458+0000] {processor.py:157} INFO - Started process (PID=93) to work on /opt/airflow/dags/kafka_stream.py
[2024-06-15T05:12:24.459+0000] {processor.py:829} INFO - Processing file /opt/airflow/dags/kafka_stream.py for tasks to queue
[2024-06-15T05:12:24.461+0000] {logging_mixin.py:151} INFO - [2024-06-15T05:12:24.460+0000] {dagbag.py:539} INFO - Filling up the DagBag from /opt/airflow/dags/kafka_stream.py
[2024-06-15T05:12:24.479+0000] {processor.py:839} INFO - DAG(s) dict_keys(['weather']) retrieved from /opt/airflow/dags/kafka_stream.py
[2024-06-15T05:12:24.519+0000] {logging_mixin.py:151} INFO - [2024-06-15T05:12:24.519+0000] {dag.py:2907} INFO - Sync 1 DAGs
[2024-06-15T05:12:24.538+0000] {logging_mixin.py:151} INFO - [2024-06-15T05:12:24.538+0000] {dag.py:3677} INFO - Setting next_dagrun for weather to 2024-06-15T05:00:00+00:00, run_after=2024-06-15T05:15:00+00:00
[2024-06-15T05:12:24.548+0000] {processor.py:179} INFO - Processing /opt/airflow/dags/kafka_stream.py took 0.095 seconds
[2024-06-15T05:12:54.736+0000] {processor.py:157} INFO - Started process (PID=94) to work on /opt/airflow/dags/kafka_stream.py
[2024-06-15T05:12:54.737+0000] {processor.py:829} INFO - Processing file /opt/airflow/dags/kafka_stream.py for tasks to queue
[2024-06-15T05:12:54.738+0000] {logging_mixin.py:151} INFO - [2024-06-15T05:12:54.737+0000] {dagbag.py:539} INFO - Filling up the DagBag from /opt/airflow/dags/kafka_stream.py
[2024-06-15T05:12:54.755+0000] {processor.py:839} INFO - DAG(s) dict_keys(['weather']) retrieved from /opt/airflow/dags/kafka_stream.py
[2024-06-15T05:12:54.784+0000] {logging_mixin.py:151} INFO - [2024-06-15T05:12:54.784+0000] {dag.py:2907} INFO - Sync 1 DAGs
[2024-06-15T05:12:54.800+0000] {logging_mixin.py:151} INFO - [2024-06-15T05:12:54.800+0000] {dag.py:3677} INFO - Setting next_dagrun for weather to 2024-06-15T05:00:00+00:00, run_after=2024-06-15T05:15:00+00:00
[2024-06-15T05:12:54.809+0000] {processor.py:179} INFO - Processing /opt/airflow/dags/kafka_stream.py took 0.078 seconds
[2024-06-15T05:13:25.075+0000] {processor.py:157} INFO - Started process (PID=95) to work on /opt/airflow/dags/kafka_stream.py
[2024-06-15T05:13:25.077+0000] {processor.py:829} INFO - Processing file /opt/airflow/dags/kafka_stream.py for tasks to queue
[2024-06-15T05:13:25.078+0000] {logging_mixin.py:151} INFO - [2024-06-15T05:13:25.077+0000] {dagbag.py:539} INFO - Filling up the DagBag from /opt/airflow/dags/kafka_stream.py
[2024-06-15T05:13:25.099+0000] {processor.py:839} INFO - DAG(s) dict_keys(['weather']) retrieved from /opt/airflow/dags/kafka_stream.py
[2024-06-15T05:13:25.127+0000] {logging_mixin.py:151} INFO - [2024-06-15T05:13:25.127+0000] {dag.py:2907} INFO - Sync 1 DAGs
[2024-06-15T05:13:25.143+0000] {logging_mixin.py:151} INFO - [2024-06-15T05:13:25.143+0000] {dag.py:3677} INFO - Setting next_dagrun for weather to 2024-06-15T05:00:00+00:00, run_after=2024-06-15T05:15:00+00:00
[2024-06-15T05:13:25.152+0000] {processor.py:179} INFO - Processing /opt/airflow/dags/kafka_stream.py took 0.092 seconds
[2024-06-15T05:13:55.403+0000] {processor.py:157} INFO - Started process (PID=96) to work on /opt/airflow/dags/kafka_stream.py
[2024-06-15T05:13:55.404+0000] {processor.py:829} INFO - Processing file /opt/airflow/dags/kafka_stream.py for tasks to queue
[2024-06-15T05:13:55.405+0000] {logging_mixin.py:151} INFO - [2024-06-15T05:13:55.404+0000] {dagbag.py:539} INFO - Filling up the DagBag from /opt/airflow/dags/kafka_stream.py
[2024-06-15T05:13:55.450+0000] {processor.py:839} INFO - DAG(s) dict_keys(['weather']) retrieved from /opt/airflow/dags/kafka_stream.py
[2024-06-15T05:13:55.482+0000] {logging_mixin.py:151} INFO - [2024-06-15T05:13:55.482+0000] {dag.py:2907} INFO - Sync 1 DAGs
[2024-06-15T05:13:55.500+0000] {logging_mixin.py:151} INFO - [2024-06-15T05:13:55.500+0000] {dag.py:3677} INFO - Setting next_dagrun for weather to 2024-06-15T05:00:00+00:00, run_after=2024-06-15T05:15:00+00:00
[2024-06-15T05:13:55.510+0000] {processor.py:179} INFO - Processing /opt/airflow/dags/kafka_stream.py took 0.111 seconds
[2024-06-15T05:14:25.754+0000] {processor.py:157} INFO - Started process (PID=97) to work on /opt/airflow/dags/kafka_stream.py
[2024-06-15T05:14:25.755+0000] {processor.py:829} INFO - Processing file /opt/airflow/dags/kafka_stream.py for tasks to queue
[2024-06-15T05:14:25.756+0000] {logging_mixin.py:151} INFO - [2024-06-15T05:14:25.756+0000] {dagbag.py:539} INFO - Filling up the DagBag from /opt/airflow/dags/kafka_stream.py
[2024-06-15T05:14:25.773+0000] {processor.py:839} INFO - DAG(s) dict_keys(['weather']) retrieved from /opt/airflow/dags/kafka_stream.py
[2024-06-15T05:14:25.816+0000] {logging_mixin.py:151} INFO - [2024-06-15T05:14:25.816+0000] {dag.py:2907} INFO - Sync 1 DAGs
[2024-06-15T05:14:25.832+0000] {logging_mixin.py:151} INFO - [2024-06-15T05:14:25.832+0000] {dag.py:3677} INFO - Setting next_dagrun for weather to 2024-06-15T05:00:00+00:00, run_after=2024-06-15T05:15:00+00:00
[2024-06-15T05:14:26.038+0000] {processor.py:179} INFO - Processing /opt/airflow/dags/kafka_stream.py took 0.288 seconds
[2024-06-15T05:14:56.150+0000] {processor.py:157} INFO - Started process (PID=98) to work on /opt/airflow/dags/kafka_stream.py
[2024-06-15T05:14:56.151+0000] {processor.py:829} INFO - Processing file /opt/airflow/dags/kafka_stream.py for tasks to queue
[2024-06-15T05:14:56.152+0000] {logging_mixin.py:151} INFO - [2024-06-15T05:14:56.152+0000] {dagbag.py:539} INFO - Filling up the DagBag from /opt/airflow/dags/kafka_stream.py
[2024-06-15T05:14:56.174+0000] {processor.py:839} INFO - DAG(s) dict_keys(['weather']) retrieved from /opt/airflow/dags/kafka_stream.py
[2024-06-15T05:14:56.223+0000] {logging_mixin.py:151} INFO - [2024-06-15T05:14:56.223+0000] {dag.py:2907} INFO - Sync 1 DAGs
[2024-06-15T05:14:56.242+0000] {logging_mixin.py:151} INFO - [2024-06-15T05:14:56.242+0000] {dag.py:3677} INFO - Setting next_dagrun for weather to 2024-06-15T05:00:00+00:00, run_after=2024-06-15T05:15:00+00:00
[2024-06-15T05:14:56.251+0000] {processor.py:179} INFO - Processing /opt/airflow/dags/kafka_stream.py took 0.105 seconds
[2024-06-15T05:15:26.423+0000] {processor.py:157} INFO - Started process (PID=102) to work on /opt/airflow/dags/kafka_stream.py
[2024-06-15T05:15:26.424+0000] {processor.py:829} INFO - Processing file /opt/airflow/dags/kafka_stream.py for tasks to queue
[2024-06-15T05:15:26.425+0000] {logging_mixin.py:151} INFO - [2024-06-15T05:15:26.425+0000] {dagbag.py:539} INFO - Filling up the DagBag from /opt/airflow/dags/kafka_stream.py
[2024-06-15T05:15:26.442+0000] {processor.py:839} INFO - DAG(s) dict_keys(['weather']) retrieved from /opt/airflow/dags/kafka_stream.py
[2024-06-15T05:15:26.466+0000] {logging_mixin.py:151} INFO - [2024-06-15T05:15:26.466+0000] {dag.py:2907} INFO - Sync 1 DAGs
[2024-06-15T05:15:26.480+0000] {logging_mixin.py:151} INFO - [2024-06-15T05:15:26.480+0000] {dag.py:3677} INFO - Setting next_dagrun for weather to 2024-06-15T05:15:00+00:00, run_after=2024-06-15T05:30:00+00:00
[2024-06-15T05:15:26.490+0000] {processor.py:179} INFO - Processing /opt/airflow/dags/kafka_stream.py took 0.071 seconds
[2024-06-15T05:15:56.850+0000] {processor.py:157} INFO - Started process (PID=103) to work on /opt/airflow/dags/kafka_stream.py
[2024-06-15T05:15:56.851+0000] {processor.py:829} INFO - Processing file /opt/airflow/dags/kafka_stream.py for tasks to queue
[2024-06-15T05:15:56.852+0000] {logging_mixin.py:151} INFO - [2024-06-15T05:15:56.851+0000] {dagbag.py:539} INFO - Filling up the DagBag from /opt/airflow/dags/kafka_stream.py
[2024-06-15T05:15:56.868+0000] {processor.py:839} INFO - DAG(s) dict_keys(['weather']) retrieved from /opt/airflow/dags/kafka_stream.py
[2024-06-15T05:15:56.892+0000] {logging_mixin.py:151} INFO - [2024-06-15T05:15:56.892+0000] {dag.py:2907} INFO - Sync 1 DAGs
[2024-06-15T05:15:56.907+0000] {logging_mixin.py:151} INFO - [2024-06-15T05:15:56.907+0000] {dag.py:3677} INFO - Setting next_dagrun for weather to 2024-06-15T05:15:00+00:00, run_after=2024-06-15T05:30:00+00:00
[2024-06-15T05:15:56.916+0000] {processor.py:179} INFO - Processing /opt/airflow/dags/kafka_stream.py took 0.071 seconds
[2024-06-15T05:16:27.217+0000] {processor.py:157} INFO - Started process (PID=104) to work on /opt/airflow/dags/kafka_stream.py
[2024-06-15T05:16:27.218+0000] {processor.py:829} INFO - Processing file /opt/airflow/dags/kafka_stream.py for tasks to queue
[2024-06-15T05:16:27.219+0000] {logging_mixin.py:151} INFO - [2024-06-15T05:16:27.218+0000] {dagbag.py:539} INFO - Filling up the DagBag from /opt/airflow/dags/kafka_stream.py
[2024-06-15T05:16:27.239+0000] {processor.py:839} INFO - DAG(s) dict_keys(['weather']) retrieved from /opt/airflow/dags/kafka_stream.py
[2024-06-15T05:16:27.279+0000] {logging_mixin.py:151} INFO - [2024-06-15T05:16:27.278+0000] {dag.py:2907} INFO - Sync 1 DAGs
[2024-06-15T05:16:27.294+0000] {logging_mixin.py:151} INFO - [2024-06-15T05:16:27.294+0000] {dag.py:3677} INFO - Setting next_dagrun for weather to 2024-06-15T05:15:00+00:00, run_after=2024-06-15T05:30:00+00:00
[2024-06-15T05:16:27.468+0000] {processor.py:179} INFO - Processing /opt/airflow/dags/kafka_stream.py took 0.256 seconds
[2024-06-15T05:16:57.600+0000] {processor.py:157} INFO - Started process (PID=105) to work on /opt/airflow/dags/kafka_stream.py
[2024-06-15T05:16:57.603+0000] {processor.py:829} INFO - Processing file /opt/airflow/dags/kafka_stream.py for tasks to queue
[2024-06-15T05:16:57.606+0000] {logging_mixin.py:151} INFO - [2024-06-15T05:16:57.604+0000] {dagbag.py:539} INFO - Filling up the DagBag from /opt/airflow/dags/kafka_stream.py
[2024-06-15T05:16:57.638+0000] {processor.py:839} INFO - DAG(s) dict_keys(['weather']) retrieved from /opt/airflow/dags/kafka_stream.py
[2024-06-15T05:16:57.690+0000] {logging_mixin.py:151} INFO - [2024-06-15T05:16:57.690+0000] {dag.py:2907} INFO - Sync 1 DAGs
[2024-06-15T05:16:57.709+0000] {logging_mixin.py:151} INFO - [2024-06-15T05:16:57.709+0000] {dag.py:3677} INFO - Setting next_dagrun for weather to 2024-06-15T05:15:00+00:00, run_after=2024-06-15T05:30:00+00:00
[2024-06-15T05:16:57.719+0000] {processor.py:179} INFO - Processing /opt/airflow/dags/kafka_stream.py took 0.126 seconds
[2024-06-15T05:17:28.054+0000] {processor.py:157} INFO - Started process (PID=106) to work on /opt/airflow/dags/kafka_stream.py
[2024-06-15T05:17:28.056+0000] {processor.py:829} INFO - Processing file /opt/airflow/dags/kafka_stream.py for tasks to queue
[2024-06-15T05:17:28.071+0000] {logging_mixin.py:151} INFO - [2024-06-15T05:17:28.069+0000] {dagbag.py:539} INFO - Filling up the DagBag from /opt/airflow/dags/kafka_stream.py
[2024-06-15T05:17:28.128+0000] {processor.py:839} INFO - DAG(s) dict_keys(['weather']) retrieved from /opt/airflow/dags/kafka_stream.py
[2024-06-15T05:17:28.168+0000] {logging_mixin.py:151} INFO - [2024-06-15T05:17:28.168+0000] {dag.py:2907} INFO - Sync 1 DAGs
[2024-06-15T05:17:28.204+0000] {logging_mixin.py:151} INFO - [2024-06-15T05:17:28.204+0000] {dag.py:3677} INFO - Setting next_dagrun for weather to 2024-06-15T05:15:00+00:00, run_after=2024-06-15T05:30:00+00:00
[2024-06-15T05:17:28.245+0000] {processor.py:179} INFO - Processing /opt/airflow/dags/kafka_stream.py took 0.229 seconds
[2024-06-15T05:17:58.412+0000] {processor.py:157} INFO - Started process (PID=107) to work on /opt/airflow/dags/kafka_stream.py
[2024-06-15T05:17:58.413+0000] {processor.py:829} INFO - Processing file /opt/airflow/dags/kafka_stream.py for tasks to queue
[2024-06-15T05:17:58.414+0000] {logging_mixin.py:151} INFO - [2024-06-15T05:17:58.413+0000] {dagbag.py:539} INFO - Filling up the DagBag from /opt/airflow/dags/kafka_stream.py
[2024-06-15T05:17:58.452+0000] {processor.py:839} INFO - DAG(s) dict_keys(['weather']) retrieved from /opt/airflow/dags/kafka_stream.py
[2024-06-15T05:17:58.487+0000] {logging_mixin.py:151} INFO - [2024-06-15T05:17:58.486+0000] {dag.py:2907} INFO - Sync 1 DAGs
[2024-06-15T05:17:58.505+0000] {logging_mixin.py:151} INFO - [2024-06-15T05:17:58.505+0000] {dag.py:3677} INFO - Setting next_dagrun for weather to 2024-06-15T05:15:00+00:00, run_after=2024-06-15T05:30:00+00:00
[2024-06-15T05:17:58.515+0000] {processor.py:179} INFO - Processing /opt/airflow/dags/kafka_stream.py took 0.109 seconds
[2024-06-15T05:18:28.781+0000] {processor.py:157} INFO - Started process (PID=108) to work on /opt/airflow/dags/kafka_stream.py
[2024-06-15T05:18:28.782+0000] {processor.py:829} INFO - Processing file /opt/airflow/dags/kafka_stream.py for tasks to queue
[2024-06-15T05:18:28.783+0000] {logging_mixin.py:151} INFO - [2024-06-15T05:18:28.783+0000] {dagbag.py:539} INFO - Filling up the DagBag from /opt/airflow/dags/kafka_stream.py
[2024-06-15T05:18:28.806+0000] {processor.py:839} INFO - DAG(s) dict_keys(['weather']) retrieved from /opt/airflow/dags/kafka_stream.py
[2024-06-15T05:18:28.830+0000] {logging_mixin.py:151} INFO - [2024-06-15T05:18:28.830+0000] {dag.py:2907} INFO - Sync 1 DAGs
[2024-06-15T05:18:28.845+0000] {logging_mixin.py:151} INFO - [2024-06-15T05:18:28.845+0000] {dag.py:3677} INFO - Setting next_dagrun for weather to 2024-06-15T05:15:00+00:00, run_after=2024-06-15T05:30:00+00:00
[2024-06-15T05:18:28.855+0000] {processor.py:179} INFO - Processing /opt/airflow/dags/kafka_stream.py took 0.080 seconds
[2024-06-15T05:18:59.236+0000] {processor.py:157} INFO - Started process (PID=109) to work on /opt/airflow/dags/kafka_stream.py
[2024-06-15T05:18:59.236+0000] {processor.py:829} INFO - Processing file /opt/airflow/dags/kafka_stream.py for tasks to queue
[2024-06-15T05:18:59.238+0000] {logging_mixin.py:151} INFO - [2024-06-15T05:18:59.237+0000] {dagbag.py:539} INFO - Filling up the DagBag from /opt/airflow/dags/kafka_stream.py
[2024-06-15T05:18:59.254+0000] {processor.py:839} INFO - DAG(s) dict_keys(['weather']) retrieved from /opt/airflow/dags/kafka_stream.py
[2024-06-15T05:18:59.304+0000] {logging_mixin.py:151} INFO - [2024-06-15T05:18:59.304+0000] {dag.py:2907} INFO - Sync 1 DAGs
[2024-06-15T05:18:59.505+0000] {logging_mixin.py:151} INFO - [2024-06-15T05:18:59.505+0000] {dag.py:3677} INFO - Setting next_dagrun for weather to 2024-06-15T05:15:00+00:00, run_after=2024-06-15T05:30:00+00:00
[2024-06-15T05:18:59.513+0000] {processor.py:179} INFO - Processing /opt/airflow/dags/kafka_stream.py took 0.282 seconds
[2024-06-15T05:19:29.859+0000] {processor.py:157} INFO - Started process (PID=110) to work on /opt/airflow/dags/kafka_stream.py
[2024-06-15T05:19:29.860+0000] {processor.py:829} INFO - Processing file /opt/airflow/dags/kafka_stream.py for tasks to queue
[2024-06-15T05:19:29.860+0000] {logging_mixin.py:151} INFO - [2024-06-15T05:19:29.860+0000] {dagbag.py:539} INFO - Filling up the DagBag from /opt/airflow/dags/kafka_stream.py
[2024-06-15T05:19:29.875+0000] {processor.py:839} INFO - DAG(s) dict_keys(['weather']) retrieved from /opt/airflow/dags/kafka_stream.py
[2024-06-15T05:19:29.902+0000] {logging_mixin.py:151} INFO - [2024-06-15T05:19:29.902+0000] {dag.py:2907} INFO - Sync 1 DAGs
[2024-06-15T05:19:29.927+0000] {logging_mixin.py:151} INFO - [2024-06-15T05:19:29.927+0000] {dag.py:3677} INFO - Setting next_dagrun for weather to 2024-06-15T05:15:00+00:00, run_after=2024-06-15T05:30:00+00:00
[2024-06-15T05:19:29.938+0000] {processor.py:179} INFO - Processing /opt/airflow/dags/kafka_stream.py took 0.083 seconds
[2024-06-15T05:20:00.338+0000] {processor.py:157} INFO - Started process (PID=111) to work on /opt/airflow/dags/kafka_stream.py
[2024-06-15T05:20:00.339+0000] {processor.py:829} INFO - Processing file /opt/airflow/dags/kafka_stream.py for tasks to queue
[2024-06-15T05:20:00.340+0000] {logging_mixin.py:151} INFO - [2024-06-15T05:20:00.340+0000] {dagbag.py:539} INFO - Filling up the DagBag from /opt/airflow/dags/kafka_stream.py
[2024-06-15T05:20:00.358+0000] {processor.py:839} INFO - DAG(s) dict_keys(['weather']) retrieved from /opt/airflow/dags/kafka_stream.py
[2024-06-15T05:20:00.406+0000] {logging_mixin.py:151} INFO - [2024-06-15T05:20:00.406+0000] {dag.py:2907} INFO - Sync 1 DAGs
[2024-06-15T05:20:00.422+0000] {logging_mixin.py:151} INFO - [2024-06-15T05:20:00.422+0000] {dag.py:3677} INFO - Setting next_dagrun for weather to 2024-06-15T05:15:00+00:00, run_after=2024-06-15T05:30:00+00:00
[2024-06-15T05:20:00.431+0000] {processor.py:179} INFO - Processing /opt/airflow/dags/kafka_stream.py took 0.098 seconds
[2024-06-15T05:20:30.712+0000] {processor.py:157} INFO - Started process (PID=112) to work on /opt/airflow/dags/kafka_stream.py
[2024-06-15T05:20:30.713+0000] {processor.py:829} INFO - Processing file /opt/airflow/dags/kafka_stream.py for tasks to queue
[2024-06-15T05:20:30.715+0000] {logging_mixin.py:151} INFO - [2024-06-15T05:20:30.714+0000] {dagbag.py:539} INFO - Filling up the DagBag from /opt/airflow/dags/kafka_stream.py
[2024-06-15T05:20:30.739+0000] {processor.py:839} INFO - DAG(s) dict_keys(['weather']) retrieved from /opt/airflow/dags/kafka_stream.py
[2024-06-15T05:20:30.774+0000] {logging_mixin.py:151} INFO - [2024-06-15T05:20:30.774+0000] {dag.py:2907} INFO - Sync 1 DAGs
[2024-06-15T05:20:30.790+0000] {logging_mixin.py:151} INFO - [2024-06-15T05:20:30.790+0000] {dag.py:3677} INFO - Setting next_dagrun for weather to 2024-06-15T05:15:00+00:00, run_after=2024-06-15T05:30:00+00:00
[2024-06-15T05:20:30.798+0000] {processor.py:179} INFO - Processing /opt/airflow/dags/kafka_stream.py took 0.094 seconds
[2024-06-15T05:21:01.159+0000] {processor.py:157} INFO - Started process (PID=113) to work on /opt/airflow/dags/kafka_stream.py
[2024-06-15T05:21:01.161+0000] {processor.py:829} INFO - Processing file /opt/airflow/dags/kafka_stream.py for tasks to queue
[2024-06-15T05:21:01.165+0000] {logging_mixin.py:151} INFO - [2024-06-15T05:21:01.163+0000] {dagbag.py:539} INFO - Filling up the DagBag from /opt/airflow/dags/kafka_stream.py
[2024-06-15T05:21:01.221+0000] {processor.py:839} INFO - DAG(s) dict_keys(['weather']) retrieved from /opt/airflow/dags/kafka_stream.py
[2024-06-15T05:21:01.254+0000] {logging_mixin.py:151} INFO - [2024-06-15T05:21:01.254+0000] {dag.py:2907} INFO - Sync 1 DAGs
[2024-06-15T05:21:01.271+0000] {logging_mixin.py:151} INFO - [2024-06-15T05:21:01.271+0000] {dag.py:3677} INFO - Setting next_dagrun for weather to 2024-06-15T05:15:00+00:00, run_after=2024-06-15T05:30:00+00:00
[2024-06-15T05:21:01.450+0000] {processor.py:179} INFO - Processing /opt/airflow/dags/kafka_stream.py took 0.305 seconds
[2024-06-15T05:21:31.797+0000] {processor.py:157} INFO - Started process (PID=114) to work on /opt/airflow/dags/kafka_stream.py
[2024-06-15T05:21:31.798+0000] {processor.py:829} INFO - Processing file /opt/airflow/dags/kafka_stream.py for tasks to queue
[2024-06-15T05:21:31.799+0000] {logging_mixin.py:151} INFO - [2024-06-15T05:21:31.799+0000] {dagbag.py:539} INFO - Filling up the DagBag from /opt/airflow/dags/kafka_stream.py
[2024-06-15T05:21:31.816+0000] {processor.py:839} INFO - DAG(s) dict_keys(['weather']) retrieved from /opt/airflow/dags/kafka_stream.py
[2024-06-15T05:21:31.844+0000] {logging_mixin.py:151} INFO - [2024-06-15T05:21:31.844+0000] {dag.py:2907} INFO - Sync 1 DAGs
[2024-06-15T05:21:31.859+0000] {logging_mixin.py:151} INFO - [2024-06-15T05:21:31.859+0000] {dag.py:3677} INFO - Setting next_dagrun for weather to 2024-06-15T05:15:00+00:00, run_after=2024-06-15T05:30:00+00:00
[2024-06-15T05:21:31.869+0000] {processor.py:179} INFO - Processing /opt/airflow/dags/kafka_stream.py took 0.077 seconds
[2024-06-15T05:22:02.247+0000] {processor.py:157} INFO - Started process (PID=115) to work on /opt/airflow/dags/kafka_stream.py
[2024-06-15T05:22:02.248+0000] {processor.py:829} INFO - Processing file /opt/airflow/dags/kafka_stream.py for tasks to queue
[2024-06-15T05:22:02.249+0000] {logging_mixin.py:151} INFO - [2024-06-15T05:22:02.249+0000] {dagbag.py:539} INFO - Filling up the DagBag from /opt/airflow/dags/kafka_stream.py
[2024-06-15T05:22:02.273+0000] {processor.py:839} INFO - DAG(s) dict_keys(['weather']) retrieved from /opt/airflow/dags/kafka_stream.py
[2024-06-15T05:22:02.317+0000] {logging_mixin.py:151} INFO - [2024-06-15T05:22:02.317+0000] {dag.py:2907} INFO - Sync 1 DAGs
[2024-06-15T05:22:02.333+0000] {logging_mixin.py:151} INFO - [2024-06-15T05:22:02.333+0000] {dag.py:3677} INFO - Setting next_dagrun for weather to 2024-06-15T05:15:00+00:00, run_after=2024-06-15T05:30:00+00:00
[2024-06-15T05:22:02.344+0000] {processor.py:179} INFO - Processing /opt/airflow/dags/kafka_stream.py took 0.101 seconds
[2024-06-15T05:22:32.582+0000] {processor.py:157} INFO - Started process (PID=116) to work on /opt/airflow/dags/kafka_stream.py
[2024-06-15T05:22:32.583+0000] {processor.py:829} INFO - Processing file /opt/airflow/dags/kafka_stream.py for tasks to queue
[2024-06-15T05:22:32.585+0000] {logging_mixin.py:151} INFO - [2024-06-15T05:22:32.584+0000] {dagbag.py:539} INFO - Filling up the DagBag from /opt/airflow/dags/kafka_stream.py
[2024-06-15T05:22:32.605+0000] {processor.py:839} INFO - DAG(s) dict_keys(['weather']) retrieved from /opt/airflow/dags/kafka_stream.py
[2024-06-15T05:22:32.631+0000] {logging_mixin.py:151} INFO - [2024-06-15T05:22:32.631+0000] {dag.py:2907} INFO - Sync 1 DAGs
[2024-06-15T05:22:32.645+0000] {logging_mixin.py:151} INFO - [2024-06-15T05:22:32.645+0000] {dag.py:3677} INFO - Setting next_dagrun for weather to 2024-06-15T05:15:00+00:00, run_after=2024-06-15T05:30:00+00:00
[2024-06-15T05:22:32.655+0000] {processor.py:179} INFO - Processing /opt/airflow/dags/kafka_stream.py took 0.080 seconds
[2024-06-15T05:23:02.914+0000] {processor.py:157} INFO - Started process (PID=117) to work on /opt/airflow/dags/kafka_stream.py
[2024-06-15T05:23:02.916+0000] {processor.py:829} INFO - Processing file /opt/airflow/dags/kafka_stream.py for tasks to queue
[2024-06-15T05:23:02.918+0000] {logging_mixin.py:151} INFO - [2024-06-15T05:23:02.917+0000] {dagbag.py:539} INFO - Filling up the DagBag from /opt/airflow/dags/kafka_stream.py
[2024-06-15T05:23:02.945+0000] {processor.py:839} INFO - DAG(s) dict_keys(['weather']) retrieved from /opt/airflow/dags/kafka_stream.py
[2024-06-15T05:23:02.969+0000] {logging_mixin.py:151} INFO - [2024-06-15T05:23:02.969+0000] {dag.py:2907} INFO - Sync 1 DAGs
[2024-06-15T05:23:02.986+0000] {logging_mixin.py:151} INFO - [2024-06-15T05:23:02.986+0000] {dag.py:3677} INFO - Setting next_dagrun for weather to 2024-06-15T05:15:00+00:00, run_after=2024-06-15T05:30:00+00:00
[2024-06-15T05:23:03.167+0000] {processor.py:179} INFO - Processing /opt/airflow/dags/kafka_stream.py took 0.259 seconds
[2024-06-15T05:23:33.264+0000] {processor.py:157} INFO - Started process (PID=118) to work on /opt/airflow/dags/kafka_stream.py
[2024-06-15T05:23:33.266+0000] {processor.py:829} INFO - Processing file /opt/airflow/dags/kafka_stream.py for tasks to queue
[2024-06-15T05:23:33.268+0000] {logging_mixin.py:151} INFO - [2024-06-15T05:23:33.267+0000] {dagbag.py:539} INFO - Filling up the DagBag from /opt/airflow/dags/kafka_stream.py
[2024-06-15T05:23:33.293+0000] {processor.py:839} INFO - DAG(s) dict_keys(['weather']) retrieved from /opt/airflow/dags/kafka_stream.py
[2024-06-15T05:23:33.319+0000] {logging_mixin.py:151} INFO - [2024-06-15T05:23:33.319+0000] {dag.py:2907} INFO - Sync 1 DAGs
[2024-06-15T05:23:33.352+0000] {logging_mixin.py:151} INFO - [2024-06-15T05:23:33.352+0000] {dag.py:3677} INFO - Setting next_dagrun for weather to 2024-06-15T05:15:00+00:00, run_after=2024-06-15T05:30:00+00:00
[2024-06-15T05:23:33.365+0000] {processor.py:179} INFO - Processing /opt/airflow/dags/kafka_stream.py took 0.110 seconds
[2024-06-15T05:24:03.639+0000] {processor.py:157} INFO - Started process (PID=119) to work on /opt/airflow/dags/kafka_stream.py
[2024-06-15T05:24:03.640+0000] {processor.py:829} INFO - Processing file /opt/airflow/dags/kafka_stream.py for tasks to queue
[2024-06-15T05:24:03.642+0000] {logging_mixin.py:151} INFO - [2024-06-15T05:24:03.641+0000] {dagbag.py:539} INFO - Filling up the DagBag from /opt/airflow/dags/kafka_stream.py
[2024-06-15T05:24:03.664+0000] {processor.py:839} INFO - DAG(s) dict_keys(['weather']) retrieved from /opt/airflow/dags/kafka_stream.py
[2024-06-15T05:24:03.695+0000] {logging_mixin.py:151} INFO - [2024-06-15T05:24:03.695+0000] {dag.py:2907} INFO - Sync 1 DAGs
[2024-06-15T05:24:03.715+0000] {logging_mixin.py:151} INFO - [2024-06-15T05:24:03.715+0000] {dag.py:3677} INFO - Setting next_dagrun for weather to 2024-06-15T05:15:00+00:00, run_after=2024-06-15T05:30:00+00:00
[2024-06-15T05:24:03.726+0000] {processor.py:179} INFO - Processing /opt/airflow/dags/kafka_stream.py took 0.091 seconds
[2024-06-15T05:24:33.995+0000] {processor.py:157} INFO - Started process (PID=120) to work on /opt/airflow/dags/kafka_stream.py
[2024-06-15T05:24:33.996+0000] {processor.py:829} INFO - Processing file /opt/airflow/dags/kafka_stream.py for tasks to queue
[2024-06-15T05:24:33.997+0000] {logging_mixin.py:151} INFO - [2024-06-15T05:24:33.996+0000] {dagbag.py:539} INFO - Filling up the DagBag from /opt/airflow/dags/kafka_stream.py
[2024-06-15T05:24:34.013+0000] {processor.py:839} INFO - DAG(s) dict_keys(['weather']) retrieved from /opt/airflow/dags/kafka_stream.py
[2024-06-15T05:24:34.056+0000] {logging_mixin.py:151} INFO - [2024-06-15T05:24:34.056+0000] {dag.py:2907} INFO - Sync 1 DAGs
[2024-06-15T05:24:34.074+0000] {logging_mixin.py:151} INFO - [2024-06-15T05:24:34.074+0000] {dag.py:3677} INFO - Setting next_dagrun for weather to 2024-06-15T05:15:00+00:00, run_after=2024-06-15T05:30:00+00:00
[2024-06-15T05:24:34.083+0000] {processor.py:179} INFO - Processing /opt/airflow/dags/kafka_stream.py took 0.092 seconds
[2024-06-15T05:25:04.328+0000] {processor.py:157} INFO - Started process (PID=121) to work on /opt/airflow/dags/kafka_stream.py
[2024-06-15T05:25:04.330+0000] {processor.py:829} INFO - Processing file /opt/airflow/dags/kafka_stream.py for tasks to queue
[2024-06-15T05:25:04.333+0000] {logging_mixin.py:151} INFO - [2024-06-15T05:25:04.332+0000] {dagbag.py:539} INFO - Filling up the DagBag from /opt/airflow/dags/kafka_stream.py
[2024-06-15T05:25:04.364+0000] {processor.py:839} INFO - DAG(s) dict_keys(['weather']) retrieved from /opt/airflow/dags/kafka_stream.py
[2024-06-15T05:25:04.392+0000] {logging_mixin.py:151} INFO - [2024-06-15T05:25:04.392+0000] {dag.py:2907} INFO - Sync 1 DAGs
[2024-06-15T05:25:04.408+0000] {logging_mixin.py:151} INFO - [2024-06-15T05:25:04.408+0000] {dag.py:3677} INFO - Setting next_dagrun for weather to 2024-06-15T05:15:00+00:00, run_after=2024-06-15T05:30:00+00:00
[2024-06-15T05:25:04.593+0000] {processor.py:179} INFO - Processing /opt/airflow/dags/kafka_stream.py took 0.278 seconds
[2024-06-15T05:25:34.694+0000] {processor.py:157} INFO - Started process (PID=122) to work on /opt/airflow/dags/kafka_stream.py
[2024-06-15T05:25:34.695+0000] {processor.py:829} INFO - Processing file /opt/airflow/dags/kafka_stream.py for tasks to queue
[2024-06-15T05:25:34.696+0000] {logging_mixin.py:151} INFO - [2024-06-15T05:25:34.695+0000] {dagbag.py:539} INFO - Filling up the DagBag from /opt/airflow/dags/kafka_stream.py
[2024-06-15T05:25:34.712+0000] {processor.py:839} INFO - DAG(s) dict_keys(['weather']) retrieved from /opt/airflow/dags/kafka_stream.py
[2024-06-15T05:25:34.738+0000] {logging_mixin.py:151} INFO - [2024-06-15T05:25:34.738+0000] {dag.py:2907} INFO - Sync 1 DAGs
[2024-06-15T05:25:35.043+0000] {logging_mixin.py:151} INFO - [2024-06-15T05:25:35.042+0000] {dag.py:3677} INFO - Setting next_dagrun for weather to 2024-06-15T05:15:00+00:00, run_after=2024-06-15T05:30:00+00:00
[2024-06-15T05:25:35.050+0000] {processor.py:179} INFO - Processing /opt/airflow/dags/kafka_stream.py took 0.361 seconds
[2024-06-15T05:26:05.325+0000] {processor.py:157} INFO - Started process (PID=123) to work on /opt/airflow/dags/kafka_stream.py
[2024-06-15T05:26:05.325+0000] {processor.py:829} INFO - Processing file /opt/airflow/dags/kafka_stream.py for tasks to queue
[2024-06-15T05:26:05.326+0000] {logging_mixin.py:151} INFO - [2024-06-15T05:26:05.326+0000] {dagbag.py:539} INFO - Filling up the DagBag from /opt/airflow/dags/kafka_stream.py
[2024-06-15T05:26:05.354+0000] {processor.py:839} INFO - DAG(s) dict_keys(['weather']) retrieved from /opt/airflow/dags/kafka_stream.py
[2024-06-15T05:26:05.392+0000] {logging_mixin.py:151} INFO - [2024-06-15T05:26:05.392+0000] {dag.py:2907} INFO - Sync 1 DAGs
[2024-06-15T05:26:05.408+0000] {logging_mixin.py:151} INFO - [2024-06-15T05:26:05.408+0000] {dag.py:3677} INFO - Setting next_dagrun for weather to 2024-06-15T05:15:00+00:00, run_after=2024-06-15T05:30:00+00:00
[2024-06-15T05:26:05.417+0000] {processor.py:179} INFO - Processing /opt/airflow/dags/kafka_stream.py took 0.097 seconds
[2024-06-15T05:26:35.682+0000] {processor.py:157} INFO - Started process (PID=124) to work on /opt/airflow/dags/kafka_stream.py
[2024-06-15T05:26:35.684+0000] {processor.py:829} INFO - Processing file /opt/airflow/dags/kafka_stream.py for tasks to queue
[2024-06-15T05:26:35.685+0000] {logging_mixin.py:151} INFO - [2024-06-15T05:26:35.684+0000] {dagbag.py:539} INFO - Filling up the DagBag from /opt/airflow/dags/kafka_stream.py
[2024-06-15T05:26:35.723+0000] {processor.py:839} INFO - DAG(s) dict_keys(['weather']) retrieved from /opt/airflow/dags/kafka_stream.py
[2024-06-15T05:26:35.751+0000] {logging_mixin.py:151} INFO - [2024-06-15T05:26:35.751+0000] {dag.py:2907} INFO - Sync 1 DAGs
[2024-06-15T05:26:35.768+0000] {logging_mixin.py:151} INFO - [2024-06-15T05:26:35.767+0000] {dag.py:3677} INFO - Setting next_dagrun for weather to 2024-06-15T05:15:00+00:00, run_after=2024-06-15T05:30:00+00:00
[2024-06-15T05:26:35.777+0000] {processor.py:179} INFO - Processing /opt/airflow/dags/kafka_stream.py took 0.099 seconds
[2024-06-15T05:27:06.052+0000] {processor.py:157} INFO - Started process (PID=125) to work on /opt/airflow/dags/kafka_stream.py
[2024-06-15T05:27:06.053+0000] {processor.py:829} INFO - Processing file /opt/airflow/dags/kafka_stream.py for tasks to queue
[2024-06-15T05:27:06.054+0000] {logging_mixin.py:151} INFO - [2024-06-15T05:27:06.054+0000] {dagbag.py:539} INFO - Filling up the DagBag from /opt/airflow/dags/kafka_stream.py
[2024-06-15T05:27:06.072+0000] {processor.py:839} INFO - DAG(s) dict_keys(['weather']) retrieved from /opt/airflow/dags/kafka_stream.py
[2024-06-15T05:27:06.118+0000] {logging_mixin.py:151} INFO - [2024-06-15T05:27:06.118+0000] {dag.py:2907} INFO - Sync 1 DAGs
[2024-06-15T05:27:06.136+0000] {logging_mixin.py:151} INFO - [2024-06-15T05:27:06.135+0000] {dag.py:3677} INFO - Setting next_dagrun for weather to 2024-06-15T05:15:00+00:00, run_after=2024-06-15T05:30:00+00:00
[2024-06-15T05:27:06.322+0000] {processor.py:179} INFO - Processing /opt/airflow/dags/kafka_stream.py took 0.276 seconds
[2024-06-15T05:27:36.464+0000] {processor.py:157} INFO - Started process (PID=126) to work on /opt/airflow/dags/kafka_stream.py
[2024-06-15T05:27:36.465+0000] {processor.py:829} INFO - Processing file /opt/airflow/dags/kafka_stream.py for tasks to queue
[2024-06-15T05:27:36.466+0000] {logging_mixin.py:151} INFO - [2024-06-15T05:27:36.466+0000] {dagbag.py:539} INFO - Filling up the DagBag from /opt/airflow/dags/kafka_stream.py
[2024-06-15T05:27:36.484+0000] {processor.py:839} INFO - DAG(s) dict_keys(['weather']) retrieved from /opt/airflow/dags/kafka_stream.py
[2024-06-15T05:27:36.513+0000] {logging_mixin.py:151} INFO - [2024-06-15T05:27:36.513+0000] {dag.py:2907} INFO - Sync 1 DAGs
[2024-06-15T05:27:36.715+0000] {logging_mixin.py:151} INFO - [2024-06-15T05:27:36.715+0000] {dag.py:3677} INFO - Setting next_dagrun for weather to 2024-06-15T05:15:00+00:00, run_after=2024-06-15T05:30:00+00:00
[2024-06-15T05:27:36.723+0000] {processor.py:179} INFO - Processing /opt/airflow/dags/kafka_stream.py took 0.265 seconds
[2024-06-15T05:28:06.916+0000] {processor.py:157} INFO - Started process (PID=127) to work on /opt/airflow/dags/kafka_stream.py
[2024-06-15T05:28:06.918+0000] {processor.py:829} INFO - Processing file /opt/airflow/dags/kafka_stream.py for tasks to queue
[2024-06-15T05:28:06.920+0000] {logging_mixin.py:151} INFO - [2024-06-15T05:28:06.919+0000] {dagbag.py:539} INFO - Filling up the DagBag from /opt/airflow/dags/kafka_stream.py
[2024-06-15T05:28:06.941+0000] {processor.py:839} INFO - DAG(s) dict_keys(['weather']) retrieved from /opt/airflow/dags/kafka_stream.py
[2024-06-15T05:28:06.968+0000] {logging_mixin.py:151} INFO - [2024-06-15T05:28:06.968+0000] {dag.py:2907} INFO - Sync 1 DAGs
[2024-06-15T05:28:06.983+0000] {logging_mixin.py:151} INFO - [2024-06-15T05:28:06.983+0000] {dag.py:3677} INFO - Setting next_dagrun for weather to 2024-06-15T05:15:00+00:00, run_after=2024-06-15T05:30:00+00:00
[2024-06-15T05:28:06.992+0000] {processor.py:179} INFO - Processing /opt/airflow/dags/kafka_stream.py took 0.090 seconds
[2024-06-15T05:28:37.261+0000] {processor.py:157} INFO - Started process (PID=128) to work on /opt/airflow/dags/kafka_stream.py
[2024-06-15T05:28:37.262+0000] {processor.py:829} INFO - Processing file /opt/airflow/dags/kafka_stream.py for tasks to queue
[2024-06-15T05:28:37.263+0000] {logging_mixin.py:151} INFO - [2024-06-15T05:28:37.263+0000] {dagbag.py:539} INFO - Filling up the DagBag from /opt/airflow/dags/kafka_stream.py
[2024-06-15T05:28:37.302+0000] {processor.py:839} INFO - DAG(s) dict_keys(['weather']) retrieved from /opt/airflow/dags/kafka_stream.py
[2024-06-15T05:28:37.331+0000] {logging_mixin.py:151} INFO - [2024-06-15T05:28:37.331+0000] {dag.py:2907} INFO - Sync 1 DAGs
[2024-06-15T05:28:37.348+0000] {logging_mixin.py:151} INFO - [2024-06-15T05:28:37.348+0000] {dag.py:3677} INFO - Setting next_dagrun for weather to 2024-06-15T05:15:00+00:00, run_after=2024-06-15T05:30:00+00:00
[2024-06-15T05:28:37.357+0000] {processor.py:179} INFO - Processing /opt/airflow/dags/kafka_stream.py took 0.100 seconds
[2024-06-15T05:29:07.617+0000] {processor.py:157} INFO - Started process (PID=129) to work on /opt/airflow/dags/kafka_stream.py
[2024-06-15T05:29:07.618+0000] {processor.py:829} INFO - Processing file /opt/airflow/dags/kafka_stream.py for tasks to queue
[2024-06-15T05:29:07.619+0000] {logging_mixin.py:151} INFO - [2024-06-15T05:29:07.619+0000] {dagbag.py:539} INFO - Filling up the DagBag from /opt/airflow/dags/kafka_stream.py
[2024-06-15T05:29:07.660+0000] {processor.py:839} INFO - DAG(s) dict_keys(['weather']) retrieved from /opt/airflow/dags/kafka_stream.py
[2024-06-15T05:29:07.693+0000] {logging_mixin.py:151} INFO - [2024-06-15T05:29:07.693+0000] {dag.py:2907} INFO - Sync 1 DAGs
[2024-06-15T05:29:07.709+0000] {logging_mixin.py:151} INFO - [2024-06-15T05:29:07.709+0000] {dag.py:3677} INFO - Setting next_dagrun for weather to 2024-06-15T05:15:00+00:00, run_after=2024-06-15T05:30:00+00:00
[2024-06-15T05:29:07.915+0000] {processor.py:179} INFO - Processing /opt/airflow/dags/kafka_stream.py took 0.302 seconds
[2024-06-15T05:29:38.282+0000] {processor.py:157} INFO - Started process (PID=130) to work on /opt/airflow/dags/kafka_stream.py
[2024-06-15T05:29:38.283+0000] {processor.py:829} INFO - Processing file /opt/airflow/dags/kafka_stream.py for tasks to queue
[2024-06-15T05:29:38.284+0000] {logging_mixin.py:151} INFO - [2024-06-15T05:29:38.284+0000] {dagbag.py:539} INFO - Filling up the DagBag from /opt/airflow/dags/kafka_stream.py
[2024-06-15T05:29:38.298+0000] {processor.py:839} INFO - DAG(s) dict_keys(['weather']) retrieved from /opt/airflow/dags/kafka_stream.py
[2024-06-15T05:29:38.321+0000] {logging_mixin.py:151} INFO - [2024-06-15T05:29:38.321+0000] {dag.py:2907} INFO - Sync 1 DAGs
[2024-06-15T05:29:38.463+0000] {logging_mixin.py:151} INFO - [2024-06-15T05:29:38.463+0000] {dag.py:3677} INFO - Setting next_dagrun for weather to 2024-06-15T05:15:00+00:00, run_after=2024-06-15T05:30:00+00:00
[2024-06-15T05:29:38.475+0000] {processor.py:179} INFO - Processing /opt/airflow/dags/kafka_stream.py took 0.197 seconds
[2024-06-15T05:30:08.552+0000] {processor.py:157} INFO - Started process (PID=134) to work on /opt/airflow/dags/kafka_stream.py
[2024-06-15T05:30:08.554+0000] {processor.py:829} INFO - Processing file /opt/airflow/dags/kafka_stream.py for tasks to queue
[2024-06-15T05:30:08.556+0000] {logging_mixin.py:151} INFO - [2024-06-15T05:30:08.555+0000] {dagbag.py:539} INFO - Filling up the DagBag from /opt/airflow/dags/kafka_stream.py
[2024-06-15T05:30:08.579+0000] {processor.py:839} INFO - DAG(s) dict_keys(['weather']) retrieved from /opt/airflow/dags/kafka_stream.py
[2024-06-15T05:30:08.605+0000] {logging_mixin.py:151} INFO - [2024-06-15T05:30:08.605+0000] {dag.py:2907} INFO - Sync 1 DAGs
[2024-06-15T05:30:08.621+0000] {logging_mixin.py:151} INFO - [2024-06-15T05:30:08.621+0000] {dag.py:3677} INFO - Setting next_dagrun for weather to 2024-06-15T05:30:00+00:00, run_after=2024-06-15T05:45:00+00:00
[2024-06-15T05:30:08.630+0000] {processor.py:179} INFO - Processing /opt/airflow/dags/kafka_stream.py took 0.085 seconds
[2024-06-15T05:30:38.880+0000] {processor.py:157} INFO - Started process (PID=135) to work on /opt/airflow/dags/kafka_stream.py
[2024-06-15T05:30:38.881+0000] {processor.py:829} INFO - Processing file /opt/airflow/dags/kafka_stream.py for tasks to queue
[2024-06-15T05:30:38.882+0000] {logging_mixin.py:151} INFO - [2024-06-15T05:30:38.882+0000] {dagbag.py:539} INFO - Filling up the DagBag from /opt/airflow/dags/kafka_stream.py
[2024-06-15T05:30:38.900+0000] {processor.py:839} INFO - DAG(s) dict_keys(['weather']) retrieved from /opt/airflow/dags/kafka_stream.py
[2024-06-15T05:30:38.928+0000] {logging_mixin.py:151} INFO - [2024-06-15T05:30:38.928+0000] {dag.py:2907} INFO - Sync 1 DAGs
[2024-06-15T05:30:38.960+0000] {logging_mixin.py:151} INFO - [2024-06-15T05:30:38.960+0000] {dag.py:3677} INFO - Setting next_dagrun for weather to 2024-06-15T05:30:00+00:00, run_after=2024-06-15T05:45:00+00:00
[2024-06-15T05:30:38.971+0000] {processor.py:179} INFO - Processing /opt/airflow/dags/kafka_stream.py took 0.095 seconds
[2024-06-15T05:31:09.165+0000] {processor.py:157} INFO - Started process (PID=136) to work on /opt/airflow/dags/kafka_stream.py
[2024-06-15T05:31:09.166+0000] {processor.py:829} INFO - Processing file /opt/airflow/dags/kafka_stream.py for tasks to queue
[2024-06-15T05:31:09.168+0000] {logging_mixin.py:151} INFO - [2024-06-15T05:31:09.167+0000] {dagbag.py:539} INFO - Filling up the DagBag from /opt/airflow/dags/kafka_stream.py
[2024-06-15T05:31:09.189+0000] {processor.py:839} INFO - DAG(s) dict_keys(['weather']) retrieved from /opt/airflow/dags/kafka_stream.py
[2024-06-15T05:31:09.215+0000] {logging_mixin.py:151} INFO - [2024-06-15T05:31:09.215+0000] {dag.py:2907} INFO - Sync 1 DAGs
[2024-06-15T05:31:09.229+0000] {logging_mixin.py:151} INFO - [2024-06-15T05:31:09.229+0000] {dag.py:3677} INFO - Setting next_dagrun for weather to 2024-06-15T05:30:00+00:00, run_after=2024-06-15T05:45:00+00:00
[2024-06-15T05:31:09.421+0000] {processor.py:179} INFO - Processing /opt/airflow/dags/kafka_stream.py took 0.263 seconds
[2024-06-15T05:31:39.734+0000] {processor.py:157} INFO - Started process (PID=137) to work on /opt/airflow/dags/kafka_stream.py
[2024-06-15T05:31:39.737+0000] {processor.py:829} INFO - Processing file /opt/airflow/dags/kafka_stream.py for tasks to queue
[2024-06-15T05:31:39.739+0000] {logging_mixin.py:151} INFO - [2024-06-15T05:31:39.738+0000] {dagbag.py:539} INFO - Filling up the DagBag from /opt/airflow/dags/kafka_stream.py
[2024-06-15T05:31:39.763+0000] {processor.py:839} INFO - DAG(s) dict_keys(['weather']) retrieved from /opt/airflow/dags/kafka_stream.py
[2024-06-15T05:31:39.799+0000] {logging_mixin.py:151} INFO - [2024-06-15T05:31:39.799+0000] {dag.py:2907} INFO - Sync 1 DAGs
[2024-06-15T05:31:39.990+0000] {logging_mixin.py:151} INFO - [2024-06-15T05:31:39.990+0000] {dag.py:3677} INFO - Setting next_dagrun for weather to 2024-06-15T05:30:00+00:00, run_after=2024-06-15T05:45:00+00:00
[2024-06-15T05:31:39.997+0000] {processor.py:179} INFO - Processing /opt/airflow/dags/kafka_stream.py took 0.281 seconds
[2024-06-15T05:32:10.080+0000] {processor.py:157} INFO - Started process (PID=138) to work on /opt/airflow/dags/kafka_stream.py
[2024-06-15T05:32:10.082+0000] {processor.py:829} INFO - Processing file /opt/airflow/dags/kafka_stream.py for tasks to queue
[2024-06-15T05:32:10.083+0000] {logging_mixin.py:151} INFO - [2024-06-15T05:32:10.082+0000] {dagbag.py:539} INFO - Filling up the DagBag from /opt/airflow/dags/kafka_stream.py
[2024-06-15T05:32:10.106+0000] {processor.py:839} INFO - DAG(s) dict_keys(['weather']) retrieved from /opt/airflow/dags/kafka_stream.py
[2024-06-15T05:32:10.137+0000] {logging_mixin.py:151} INFO - [2024-06-15T05:32:10.137+0000] {dag.py:2907} INFO - Sync 1 DAGs
[2024-06-15T05:32:10.154+0000] {logging_mixin.py:151} INFO - [2024-06-15T05:32:10.154+0000] {dag.py:3677} INFO - Setting next_dagrun for weather to 2024-06-15T05:30:00+00:00, run_after=2024-06-15T05:45:00+00:00
[2024-06-15T05:32:10.165+0000] {processor.py:179} INFO - Processing /opt/airflow/dags/kafka_stream.py took 0.092 seconds
[2024-06-15T05:32:40.484+0000] {processor.py:157} INFO - Started process (PID=139) to work on /opt/airflow/dags/kafka_stream.py
[2024-06-15T05:32:40.487+0000] {processor.py:829} INFO - Processing file /opt/airflow/dags/kafka_stream.py for tasks to queue
[2024-06-15T05:32:40.490+0000] {logging_mixin.py:151} INFO - [2024-06-15T05:32:40.489+0000] {dagbag.py:539} INFO - Filling up the DagBag from /opt/airflow/dags/kafka_stream.py
[2024-06-15T05:32:40.513+0000] {processor.py:839} INFO - DAG(s) dict_keys(['weather']) retrieved from /opt/airflow/dags/kafka_stream.py
[2024-06-15T05:32:40.546+0000] {logging_mixin.py:151} INFO - [2024-06-15T05:32:40.546+0000] {dag.py:2907} INFO - Sync 1 DAGs
[2024-06-15T05:32:40.579+0000] {logging_mixin.py:151} INFO - [2024-06-15T05:32:40.579+0000] {dag.py:3677} INFO - Setting next_dagrun for weather to 2024-06-15T05:30:00+00:00, run_after=2024-06-15T05:45:00+00:00
[2024-06-15T05:32:40.589+0000] {processor.py:179} INFO - Processing /opt/airflow/dags/kafka_stream.py took 0.125 seconds
[2024-06-15T05:33:10.897+0000] {processor.py:157} INFO - Started process (PID=140) to work on /opt/airflow/dags/kafka_stream.py
[2024-06-15T05:33:10.899+0000] {processor.py:829} INFO - Processing file /opt/airflow/dags/kafka_stream.py for tasks to queue
[2024-06-15T05:33:10.901+0000] {logging_mixin.py:151} INFO - [2024-06-15T05:33:10.900+0000] {dagbag.py:539} INFO - Filling up the DagBag from /opt/airflow/dags/kafka_stream.py
[2024-06-15T05:33:10.926+0000] {processor.py:839} INFO - DAG(s) dict_keys(['weather']) retrieved from /opt/airflow/dags/kafka_stream.py
[2024-06-15T05:33:10.978+0000] {logging_mixin.py:151} INFO - [2024-06-15T05:33:10.978+0000] {dag.py:2907} INFO - Sync 1 DAGs
[2024-06-15T05:33:10.998+0000] {logging_mixin.py:151} INFO - [2024-06-15T05:33:10.998+0000] {dag.py:3677} INFO - Setting next_dagrun for weather to 2024-06-15T05:30:00+00:00, run_after=2024-06-15T05:45:00+00:00
[2024-06-15T05:33:11.009+0000] {processor.py:179} INFO - Processing /opt/airflow/dags/kafka_stream.py took 0.119 seconds
[2024-06-15T05:33:41.278+0000] {processor.py:157} INFO - Started process (PID=141) to work on /opt/airflow/dags/kafka_stream.py
[2024-06-15T05:33:41.279+0000] {processor.py:829} INFO - Processing file /opt/airflow/dags/kafka_stream.py for tasks to queue
[2024-06-15T05:33:41.280+0000] {logging_mixin.py:151} INFO - [2024-06-15T05:33:41.279+0000] {dagbag.py:539} INFO - Filling up the DagBag from /opt/airflow/dags/kafka_stream.py
[2024-06-15T05:33:41.299+0000] {processor.py:839} INFO - DAG(s) dict_keys(['weather']) retrieved from /opt/airflow/dags/kafka_stream.py
[2024-06-15T05:33:41.330+0000] {logging_mixin.py:151} INFO - [2024-06-15T05:33:41.330+0000] {dag.py:2907} INFO - Sync 1 DAGs
[2024-06-15T05:33:41.550+0000] {logging_mixin.py:151} INFO - [2024-06-15T05:33:41.550+0000] {dag.py:3677} INFO - Setting next_dagrun for weather to 2024-06-15T05:30:00+00:00, run_after=2024-06-15T05:45:00+00:00
[2024-06-15T05:33:41.561+0000] {processor.py:179} INFO - Processing /opt/airflow/dags/kafka_stream.py took 0.299 seconds
[2024-06-15T05:34:11.885+0000] {processor.py:157} INFO - Started process (PID=142) to work on /opt/airflow/dags/kafka_stream.py
[2024-06-15T05:34:11.887+0000] {processor.py:829} INFO - Processing file /opt/airflow/dags/kafka_stream.py for tasks to queue
[2024-06-15T05:34:11.888+0000] {logging_mixin.py:151} INFO - [2024-06-15T05:34:11.888+0000] {dagbag.py:539} INFO - Filling up the DagBag from /opt/airflow/dags/kafka_stream.py
[2024-06-15T05:34:11.920+0000] {processor.py:839} INFO - DAG(s) dict_keys(['weather']) retrieved from /opt/airflow/dags/kafka_stream.py
[2024-06-15T05:34:11.975+0000] {logging_mixin.py:151} INFO - [2024-06-15T05:34:11.975+0000] {dag.py:2907} INFO - Sync 1 DAGs
[2024-06-15T05:34:12.151+0000] {logging_mixin.py:151} INFO - [2024-06-15T05:34:12.151+0000] {dag.py:3677} INFO - Setting next_dagrun for weather to 2024-06-15T05:30:00+00:00, run_after=2024-06-15T05:45:00+00:00
[2024-06-15T05:34:12.159+0000] {processor.py:179} INFO - Processing /opt/airflow/dags/kafka_stream.py took 0.281 seconds
[2024-06-15T05:34:42.577+0000] {processor.py:157} INFO - Started process (PID=143) to work on /opt/airflow/dags/kafka_stream.py
[2024-06-15T05:34:42.579+0000] {processor.py:829} INFO - Processing file /opt/airflow/dags/kafka_stream.py for tasks to queue
[2024-06-15T05:34:42.580+0000] {logging_mixin.py:151} INFO - [2024-06-15T05:34:42.579+0000] {dagbag.py:539} INFO - Filling up the DagBag from /opt/airflow/dags/kafka_stream.py
[2024-06-15T05:34:42.612+0000] {processor.py:839} INFO - DAG(s) dict_keys(['weather']) retrieved from /opt/airflow/dags/kafka_stream.py
[2024-06-15T05:34:42.667+0000] {logging_mixin.py:151} INFO - [2024-06-15T05:34:42.667+0000] {dag.py:2907} INFO - Sync 1 DAGs
[2024-06-15T05:34:42.686+0000] {logging_mixin.py:151} INFO - [2024-06-15T05:34:42.685+0000] {dag.py:3677} INFO - Setting next_dagrun for weather to 2024-06-15T05:30:00+00:00, run_after=2024-06-15T05:45:00+00:00
[2024-06-15T05:34:42.696+0000] {processor.py:179} INFO - Processing /opt/airflow/dags/kafka_stream.py took 0.125 seconds
[2024-06-15T05:35:12.931+0000] {processor.py:157} INFO - Started process (PID=144) to work on /opt/airflow/dags/kafka_stream.py
[2024-06-15T05:35:12.935+0000] {processor.py:829} INFO - Processing file /opt/airflow/dags/kafka_stream.py for tasks to queue
[2024-06-15T05:35:12.941+0000] {logging_mixin.py:151} INFO - [2024-06-15T05:35:12.937+0000] {dagbag.py:539} INFO - Filling up the DagBag from /opt/airflow/dags/kafka_stream.py
[2024-06-15T05:35:12.976+0000] {processor.py:839} INFO - DAG(s) dict_keys(['weather']) retrieved from /opt/airflow/dags/kafka_stream.py
[2024-06-15T05:35:13.005+0000] {logging_mixin.py:151} INFO - [2024-06-15T05:35:13.005+0000] {dag.py:2907} INFO - Sync 1 DAGs
[2024-06-15T05:35:13.040+0000] {logging_mixin.py:151} INFO - [2024-06-15T05:35:13.040+0000] {dag.py:3677} INFO - Setting next_dagrun for weather to 2024-06-15T05:30:00+00:00, run_after=2024-06-15T05:45:00+00:00
[2024-06-15T05:35:13.049+0000] {processor.py:179} INFO - Processing /opt/airflow/dags/kafka_stream.py took 0.125 seconds
[2024-06-15T05:35:43.345+0000] {processor.py:157} INFO - Started process (PID=145) to work on /opt/airflow/dags/kafka_stream.py
[2024-06-15T05:35:43.347+0000] {processor.py:829} INFO - Processing file /opt/airflow/dags/kafka_stream.py for tasks to queue
[2024-06-15T05:35:43.349+0000] {logging_mixin.py:151} INFO - [2024-06-15T05:35:43.348+0000] {dagbag.py:539} INFO - Filling up the DagBag from /opt/airflow/dags/kafka_stream.py
[2024-06-15T05:35:43.370+0000] {processor.py:839} INFO - DAG(s) dict_keys(['weather']) retrieved from /opt/airflow/dags/kafka_stream.py
[2024-06-15T05:35:43.412+0000] {logging_mixin.py:151} INFO - [2024-06-15T05:35:43.412+0000] {dag.py:2907} INFO - Sync 1 DAGs
[2024-06-15T05:35:43.429+0000] {logging_mixin.py:151} INFO - [2024-06-15T05:35:43.429+0000] {dag.py:3677} INFO - Setting next_dagrun for weather to 2024-06-15T05:30:00+00:00, run_after=2024-06-15T05:45:00+00:00
[2024-06-15T05:35:43.591+0000] {processor.py:179} INFO - Processing /opt/airflow/dags/kafka_stream.py took 0.251 seconds
[2024-06-15T05:36:13.746+0000] {processor.py:157} INFO - Started process (PID=146) to work on /opt/airflow/dags/kafka_stream.py
[2024-06-15T05:36:13.748+0000] {processor.py:829} INFO - Processing file /opt/airflow/dags/kafka_stream.py for tasks to queue
[2024-06-15T05:36:13.749+0000] {logging_mixin.py:151} INFO - [2024-06-15T05:36:13.748+0000] {dagbag.py:539} INFO - Filling up the DagBag from /opt/airflow/dags/kafka_stream.py
[2024-06-15T05:36:13.770+0000] {processor.py:839} INFO - DAG(s) dict_keys(['weather']) retrieved from /opt/airflow/dags/kafka_stream.py
[2024-06-15T05:36:13.804+0000] {logging_mixin.py:151} INFO - [2024-06-15T05:36:13.804+0000] {dag.py:2907} INFO - Sync 1 DAGs
[2024-06-15T05:36:14.028+0000] {logging_mixin.py:151} INFO - [2024-06-15T05:36:14.028+0000] {dag.py:3677} INFO - Setting next_dagrun for weather to 2024-06-15T05:30:00+00:00, run_after=2024-06-15T05:45:00+00:00
[2024-06-15T05:36:14.036+0000] {processor.py:179} INFO - Processing /opt/airflow/dags/kafka_stream.py took 0.297 seconds
[2024-06-15T05:36:44.438+0000] {processor.py:157} INFO - Started process (PID=147) to work on /opt/airflow/dags/kafka_stream.py
[2024-06-15T05:36:44.441+0000] {processor.py:829} INFO - Processing file /opt/airflow/dags/kafka_stream.py for tasks to queue
[2024-06-15T05:36:44.443+0000] {logging_mixin.py:151} INFO - [2024-06-15T05:36:44.442+0000] {dagbag.py:539} INFO - Filling up the DagBag from /opt/airflow/dags/kafka_stream.py
[2024-06-15T05:36:44.481+0000] {processor.py:839} INFO - DAG(s) dict_keys(['weather']) retrieved from /opt/airflow/dags/kafka_stream.py
[2024-06-15T05:36:44.530+0000] {logging_mixin.py:151} INFO - [2024-06-15T05:36:44.529+0000] {dag.py:2907} INFO - Sync 1 DAGs
[2024-06-15T05:36:44.546+0000] {logging_mixin.py:151} INFO - [2024-06-15T05:36:44.545+0000] {dag.py:3677} INFO - Setting next_dagrun for weather to 2024-06-15T05:30:00+00:00, run_after=2024-06-15T05:45:00+00:00
[2024-06-15T05:36:44.555+0000] {processor.py:179} INFO - Processing /opt/airflow/dags/kafka_stream.py took 0.125 seconds
[2024-06-15T05:37:14.803+0000] {processor.py:157} INFO - Started process (PID=148) to work on /opt/airflow/dags/kafka_stream.py
[2024-06-15T05:37:14.804+0000] {processor.py:829} INFO - Processing file /opt/airflow/dags/kafka_stream.py for tasks to queue
[2024-06-15T05:37:14.806+0000] {logging_mixin.py:151} INFO - [2024-06-15T05:37:14.805+0000] {dagbag.py:539} INFO - Filling up the DagBag from /opt/airflow/dags/kafka_stream.py
[2024-06-15T05:37:14.820+0000] {processor.py:839} INFO - DAG(s) dict_keys(['weather']) retrieved from /opt/airflow/dags/kafka_stream.py
[2024-06-15T05:37:14.842+0000] {logging_mixin.py:151} INFO - [2024-06-15T05:37:14.842+0000] {dag.py:2907} INFO - Sync 1 DAGs
[2024-06-15T05:37:14.856+0000] {logging_mixin.py:151} INFO - [2024-06-15T05:37:14.856+0000] {dag.py:3677} INFO - Setting next_dagrun for weather to 2024-06-15T05:30:00+00:00, run_after=2024-06-15T05:45:00+00:00
[2024-06-15T05:37:14.864+0000] {processor.py:179} INFO - Processing /opt/airflow/dags/kafka_stream.py took 0.065 seconds
[2024-06-15T05:37:45.179+0000] {processor.py:157} INFO - Started process (PID=149) to work on /opt/airflow/dags/kafka_stream.py
[2024-06-15T05:37:45.181+0000] {processor.py:829} INFO - Processing file /opt/airflow/dags/kafka_stream.py for tasks to queue
[2024-06-15T05:37:45.183+0000] {logging_mixin.py:151} INFO - [2024-06-15T05:37:45.182+0000] {dagbag.py:539} INFO - Filling up the DagBag from /opt/airflow/dags/kafka_stream.py
[2024-06-15T05:37:45.207+0000] {processor.py:839} INFO - DAG(s) dict_keys(['weather']) retrieved from /opt/airflow/dags/kafka_stream.py
[2024-06-15T05:37:45.232+0000] {logging_mixin.py:151} INFO - [2024-06-15T05:37:45.232+0000] {dag.py:2907} INFO - Sync 1 DAGs
[2024-06-15T05:37:45.252+0000] {logging_mixin.py:151} INFO - [2024-06-15T05:37:45.252+0000] {dag.py:3677} INFO - Setting next_dagrun for weather to 2024-06-15T05:30:00+00:00, run_after=2024-06-15T05:45:00+00:00
[2024-06-15T05:37:45.420+0000] {processor.py:179} INFO - Processing /opt/airflow/dags/kafka_stream.py took 0.248 seconds
[2024-06-15T05:38:15.517+0000] {processor.py:157} INFO - Started process (PID=150) to work on /opt/airflow/dags/kafka_stream.py
[2024-06-15T05:38:15.519+0000] {processor.py:829} INFO - Processing file /opt/airflow/dags/kafka_stream.py for tasks to queue
[2024-06-15T05:38:15.520+0000] {logging_mixin.py:151} INFO - [2024-06-15T05:38:15.520+0000] {dagbag.py:539} INFO - Filling up the DagBag from /opt/airflow/dags/kafka_stream.py
[2024-06-15T05:38:15.565+0000] {processor.py:839} INFO - DAG(s) dict_keys(['weather']) retrieved from /opt/airflow/dags/kafka_stream.py
[2024-06-15T05:38:15.596+0000] {logging_mixin.py:151} INFO - [2024-06-15T05:38:15.596+0000] {dag.py:2907} INFO - Sync 1 DAGs
[2024-06-15T05:38:15.870+0000] {logging_mixin.py:151} INFO - [2024-06-15T05:38:15.869+0000] {dag.py:3677} INFO - Setting next_dagrun for weather to 2024-06-15T05:30:00+00:00, run_after=2024-06-15T05:45:00+00:00
[2024-06-15T05:38:15.878+0000] {processor.py:179} INFO - Processing /opt/airflow/dags/kafka_stream.py took 0.366 seconds
[2024-06-15T05:38:45.961+0000] {processor.py:157} INFO - Started process (PID=151) to work on /opt/airflow/dags/kafka_stream.py
[2024-06-15T05:38:45.962+0000] {processor.py:829} INFO - Processing file /opt/airflow/dags/kafka_stream.py for tasks to queue
[2024-06-15T05:38:45.963+0000] {logging_mixin.py:151} INFO - [2024-06-15T05:38:45.962+0000] {dagbag.py:539} INFO - Filling up the DagBag from /opt/airflow/dags/kafka_stream.py
[2024-06-15T05:38:45.975+0000] {processor.py:839} INFO - DAG(s) dict_keys(['weather']) retrieved from /opt/airflow/dags/kafka_stream.py
[2024-06-15T05:38:46.117+0000] {logging_mixin.py:151} INFO - [2024-06-15T05:38:46.117+0000] {dag.py:2907} INFO - Sync 1 DAGs
[2024-06-15T05:38:46.128+0000] {logging_mixin.py:151} INFO - [2024-06-15T05:38:46.127+0000] {dag.py:3677} INFO - Setting next_dagrun for weather to 2024-06-15T05:30:00+00:00, run_after=2024-06-15T05:45:00+00:00
[2024-06-15T05:38:46.135+0000] {processor.py:179} INFO - Processing /opt/airflow/dags/kafka_stream.py took 0.178 seconds
[2024-06-15T05:39:16.483+0000] {processor.py:157} INFO - Started process (PID=152) to work on /opt/airflow/dags/kafka_stream.py
[2024-06-15T05:39:16.485+0000] {processor.py:829} INFO - Processing file /opt/airflow/dags/kafka_stream.py for tasks to queue
[2024-06-15T05:39:16.486+0000] {logging_mixin.py:151} INFO - [2024-06-15T05:39:16.485+0000] {dagbag.py:539} INFO - Filling up the DagBag from /opt/airflow/dags/kafka_stream.py
[2024-06-15T05:39:16.502+0000] {processor.py:839} INFO - DAG(s) dict_keys(['weather']) retrieved from /opt/airflow/dags/kafka_stream.py
[2024-06-15T05:39:16.526+0000] {logging_mixin.py:151} INFO - [2024-06-15T05:39:16.526+0000] {dag.py:2907} INFO - Sync 1 DAGs
[2024-06-15T05:39:16.541+0000] {logging_mixin.py:151} INFO - [2024-06-15T05:39:16.541+0000] {dag.py:3677} INFO - Setting next_dagrun for weather to 2024-06-15T05:30:00+00:00, run_after=2024-06-15T05:45:00+00:00
[2024-06-15T05:39:16.563+0000] {processor.py:179} INFO - Processing /opt/airflow/dags/kafka_stream.py took 0.084 seconds
[2024-06-15T05:39:46.842+0000] {processor.py:157} INFO - Started process (PID=153) to work on /opt/airflow/dags/kafka_stream.py
[2024-06-15T05:39:46.844+0000] {processor.py:829} INFO - Processing file /opt/airflow/dags/kafka_stream.py for tasks to queue
[2024-06-15T05:39:46.845+0000] {logging_mixin.py:151} INFO - [2024-06-15T05:39:46.844+0000] {dagbag.py:539} INFO - Filling up the DagBag from /opt/airflow/dags/kafka_stream.py
[2024-06-15T05:39:46.866+0000] {processor.py:839} INFO - DAG(s) dict_keys(['weather']) retrieved from /opt/airflow/dags/kafka_stream.py
[2024-06-15T05:39:46.890+0000] {logging_mixin.py:151} INFO - [2024-06-15T05:39:46.890+0000] {dag.py:2907} INFO - Sync 1 DAGs
[2024-06-15T05:39:46.906+0000] {logging_mixin.py:151} INFO - [2024-06-15T05:39:46.905+0000] {dag.py:3677} INFO - Setting next_dagrun for weather to 2024-06-15T05:30:00+00:00, run_after=2024-06-15T05:45:00+00:00
[2024-06-15T05:39:47.070+0000] {processor.py:179} INFO - Processing /opt/airflow/dags/kafka_stream.py took 0.234 seconds
[2024-06-15T05:40:17.351+0000] {processor.py:157} INFO - Started process (PID=154) to work on /opt/airflow/dags/kafka_stream.py
[2024-06-15T05:40:17.353+0000] {processor.py:829} INFO - Processing file /opt/airflow/dags/kafka_stream.py for tasks to queue
[2024-06-15T05:40:17.355+0000] {logging_mixin.py:151} INFO - [2024-06-15T05:40:17.354+0000] {dagbag.py:539} INFO - Filling up the DagBag from /opt/airflow/dags/kafka_stream.py
[2024-06-15T05:40:17.371+0000] {processor.py:839} INFO - DAG(s) dict_keys(['weather']) retrieved from /opt/airflow/dags/kafka_stream.py
[2024-06-15T05:40:17.404+0000] {logging_mixin.py:151} INFO - [2024-06-15T05:40:17.404+0000] {dag.py:2907} INFO - Sync 1 DAGs
[2024-06-15T05:40:17.483+0000] {logging_mixin.py:151} INFO - [2024-06-15T05:40:17.483+0000] {dag.py:3677} INFO - Setting next_dagrun for weather to 2024-06-15T05:30:00+00:00, run_after=2024-06-15T05:45:00+00:00
[2024-06-15T05:40:17.491+0000] {processor.py:179} INFO - Processing /opt/airflow/dags/kafka_stream.py took 0.146 seconds
[2024-06-15T05:40:47.685+0000] {processor.py:157} INFO - Started process (PID=155) to work on /opt/airflow/dags/kafka_stream.py
[2024-06-15T05:40:47.687+0000] {processor.py:829} INFO - Processing file /opt/airflow/dags/kafka_stream.py for tasks to queue
[2024-06-15T05:40:47.688+0000] {logging_mixin.py:151} INFO - [2024-06-15T05:40:47.687+0000] {dagbag.py:539} INFO - Filling up the DagBag from /opt/airflow/dags/kafka_stream.py
[2024-06-15T05:40:47.709+0000] {processor.py:839} INFO - DAG(s) dict_keys(['weather']) retrieved from /opt/airflow/dags/kafka_stream.py
[2024-06-15T05:40:47.885+0000] {logging_mixin.py:151} INFO - [2024-06-15T05:40:47.885+0000] {dag.py:2907} INFO - Sync 1 DAGs
[2024-06-15T05:40:47.895+0000] {logging_mixin.py:151} INFO - [2024-06-15T05:40:47.895+0000] {dag.py:3677} INFO - Setting next_dagrun for weather to 2024-06-15T05:30:00+00:00, run_after=2024-06-15T05:45:00+00:00
[2024-06-15T05:40:47.902+0000] {processor.py:179} INFO - Processing /opt/airflow/dags/kafka_stream.py took 0.224 seconds
[2024-06-15T05:41:18.033+0000] {processor.py:157} INFO - Started process (PID=156) to work on /opt/airflow/dags/kafka_stream.py
[2024-06-15T05:41:18.034+0000] {processor.py:829} INFO - Processing file /opt/airflow/dags/kafka_stream.py for tasks to queue
[2024-06-15T05:41:18.035+0000] {logging_mixin.py:151} INFO - [2024-06-15T05:41:18.034+0000] {dagbag.py:539} INFO - Filling up the DagBag from /opt/airflow/dags/kafka_stream.py
[2024-06-15T05:41:18.050+0000] {processor.py:839} INFO - DAG(s) dict_keys(['weather']) retrieved from /opt/airflow/dags/kafka_stream.py
[2024-06-15T05:41:18.080+0000] {logging_mixin.py:151} INFO - [2024-06-15T05:41:18.080+0000] {dag.py:2907} INFO - Sync 1 DAGs
[2024-06-15T05:41:18.094+0000] {logging_mixin.py:151} INFO - [2024-06-15T05:41:18.094+0000] {dag.py:3677} INFO - Setting next_dagrun for weather to 2024-06-15T05:30:00+00:00, run_after=2024-06-15T05:45:00+00:00
[2024-06-15T05:41:18.103+0000] {processor.py:179} INFO - Processing /opt/airflow/dags/kafka_stream.py took 0.076 seconds
[2024-06-15T05:41:48.352+0000] {processor.py:157} INFO - Started process (PID=157) to work on /opt/airflow/dags/kafka_stream.py
[2024-06-15T05:41:48.353+0000] {processor.py:829} INFO - Processing file /opt/airflow/dags/kafka_stream.py for tasks to queue
[2024-06-15T05:41:48.355+0000] {logging_mixin.py:151} INFO - [2024-06-15T05:41:48.354+0000] {dagbag.py:539} INFO - Filling up the DagBag from /opt/airflow/dags/kafka_stream.py
[2024-06-15T05:41:48.375+0000] {processor.py:839} INFO - DAG(s) dict_keys(['weather']) retrieved from /opt/airflow/dags/kafka_stream.py
[2024-06-15T05:41:48.393+0000] {logging_mixin.py:151} INFO - [2024-06-15T05:41:48.393+0000] {dag.py:2907} INFO - Sync 1 DAGs
[2024-06-15T05:41:48.405+0000] {logging_mixin.py:151} INFO - [2024-06-15T05:41:48.405+0000] {dag.py:3677} INFO - Setting next_dagrun for weather to 2024-06-15T05:30:00+00:00, run_after=2024-06-15T05:45:00+00:00
[2024-06-15T05:41:48.413+0000] {processor.py:179} INFO - Processing /opt/airflow/dags/kafka_stream.py took 0.068 seconds
[2024-06-15T05:42:18.615+0000] {processor.py:157} INFO - Started process (PID=158) to work on /opt/airflow/dags/kafka_stream.py
[2024-06-15T05:42:18.617+0000] {processor.py:829} INFO - Processing file /opt/airflow/dags/kafka_stream.py for tasks to queue
[2024-06-15T05:42:18.618+0000] {logging_mixin.py:151} INFO - [2024-06-15T05:42:18.617+0000] {dagbag.py:539} INFO - Filling up the DagBag from /opt/airflow/dags/kafka_stream.py
[2024-06-15T05:42:18.634+0000] {processor.py:839} INFO - DAG(s) dict_keys(['weather']) retrieved from /opt/airflow/dags/kafka_stream.py
[2024-06-15T05:42:18.662+0000] {logging_mixin.py:151} INFO - [2024-06-15T05:42:18.662+0000] {dag.py:2907} INFO - Sync 1 DAGs
[2024-06-15T05:42:18.872+0000] {logging_mixin.py:151} INFO - [2024-06-15T05:42:18.872+0000] {dag.py:3677} INFO - Setting next_dagrun for weather to 2024-06-15T05:30:00+00:00, run_after=2024-06-15T05:45:00+00:00
[2024-06-15T05:42:18.880+0000] {processor.py:179} INFO - Processing /opt/airflow/dags/kafka_stream.py took 0.269 seconds
[2024-06-15T05:42:48.944+0000] {processor.py:157} INFO - Started process (PID=159) to work on /opt/airflow/dags/kafka_stream.py
[2024-06-15T05:42:48.945+0000] {processor.py:829} INFO - Processing file /opt/airflow/dags/kafka_stream.py for tasks to queue
[2024-06-15T05:42:48.946+0000] {logging_mixin.py:151} INFO - [2024-06-15T05:42:48.946+0000] {dagbag.py:539} INFO - Filling up the DagBag from /opt/airflow/dags/kafka_stream.py
[2024-06-15T05:42:48.964+0000] {processor.py:839} INFO - DAG(s) dict_keys(['weather']) retrieved from /opt/airflow/dags/kafka_stream.py
[2024-06-15T05:42:48.985+0000] {logging_mixin.py:151} INFO - [2024-06-15T05:42:48.985+0000] {dag.py:2907} INFO - Sync 1 DAGs
[2024-06-15T05:42:49.057+0000] {logging_mixin.py:151} INFO - [2024-06-15T05:42:49.056+0000] {dag.py:3677} INFO - Setting next_dagrun for weather to 2024-06-15T05:30:00+00:00, run_after=2024-06-15T05:45:00+00:00
[2024-06-15T05:42:49.065+0000] {processor.py:179} INFO - Processing /opt/airflow/dags/kafka_stream.py took 0.127 seconds
[2024-06-15T05:43:19.446+0000] {processor.py:157} INFO - Started process (PID=160) to work on /opt/airflow/dags/kafka_stream.py
[2024-06-15T05:43:19.448+0000] {processor.py:829} INFO - Processing file /opt/airflow/dags/kafka_stream.py for tasks to queue
[2024-06-15T05:43:19.449+0000] {logging_mixin.py:151} INFO - [2024-06-15T05:43:19.448+0000] {dagbag.py:539} INFO - Filling up the DagBag from /opt/airflow/dags/kafka_stream.py
[2024-06-15T05:43:19.640+0000] {processor.py:839} INFO - DAG(s) dict_keys(['weather']) retrieved from /opt/airflow/dags/kafka_stream.py
[2024-06-15T05:43:19.657+0000] {logging_mixin.py:151} INFO - [2024-06-15T05:43:19.657+0000] {dag.py:2907} INFO - Sync 1 DAGs
[2024-06-15T05:43:19.667+0000] {logging_mixin.py:151} INFO - [2024-06-15T05:43:19.667+0000] {dag.py:3677} INFO - Setting next_dagrun for weather to 2024-06-15T05:30:00+00:00, run_after=2024-06-15T05:45:00+00:00
[2024-06-15T05:43:19.675+0000] {processor.py:179} INFO - Processing /opt/airflow/dags/kafka_stream.py took 0.233 seconds
[2024-06-15T05:43:49.903+0000] {processor.py:157} INFO - Started process (PID=161) to work on /opt/airflow/dags/kafka_stream.py
[2024-06-15T05:43:49.904+0000] {processor.py:829} INFO - Processing file /opt/airflow/dags/kafka_stream.py for tasks to queue
[2024-06-15T05:43:49.905+0000] {logging_mixin.py:151} INFO - [2024-06-15T05:43:49.905+0000] {dagbag.py:539} INFO - Filling up the DagBag from /opt/airflow/dags/kafka_stream.py
[2024-06-15T05:43:49.925+0000] {processor.py:839} INFO - DAG(s) dict_keys(['weather']) retrieved from /opt/airflow/dags/kafka_stream.py
[2024-06-15T05:43:49.949+0000] {logging_mixin.py:151} INFO - [2024-06-15T05:43:49.949+0000] {dag.py:2907} INFO - Sync 1 DAGs
[2024-06-15T05:43:49.962+0000] {logging_mixin.py:151} INFO - [2024-06-15T05:43:49.962+0000] {dag.py:3677} INFO - Setting next_dagrun for weather to 2024-06-15T05:30:00+00:00, run_after=2024-06-15T05:45:00+00:00
[2024-06-15T05:43:49.971+0000] {processor.py:179} INFO - Processing /opt/airflow/dags/kafka_stream.py took 0.077 seconds
[2024-06-15T05:44:20.248+0000] {processor.py:157} INFO - Started process (PID=162) to work on /opt/airflow/dags/kafka_stream.py
[2024-06-15T05:44:20.249+0000] {processor.py:829} INFO - Processing file /opt/airflow/dags/kafka_stream.py for tasks to queue
[2024-06-15T05:44:20.251+0000] {logging_mixin.py:151} INFO - [2024-06-15T05:44:20.250+0000] {dagbag.py:539} INFO - Filling up the DagBag from /opt/airflow/dags/kafka_stream.py
[2024-06-15T05:44:20.270+0000] {processor.py:839} INFO - DAG(s) dict_keys(['weather']) retrieved from /opt/airflow/dags/kafka_stream.py
[2024-06-15T05:44:20.303+0000] {logging_mixin.py:151} INFO - [2024-06-15T05:44:20.303+0000] {dag.py:2907} INFO - Sync 1 DAGs
[2024-06-15T05:44:20.317+0000] {logging_mixin.py:151} INFO - [2024-06-15T05:44:20.317+0000] {dag.py:3677} INFO - Setting next_dagrun for weather to 2024-06-15T05:30:00+00:00, run_after=2024-06-15T05:45:00+00:00
[2024-06-15T05:44:20.326+0000] {processor.py:179} INFO - Processing /opt/airflow/dags/kafka_stream.py took 0.084 seconds
[2024-06-15T05:44:50.616+0000] {processor.py:157} INFO - Started process (PID=163) to work on /opt/airflow/dags/kafka_stream.py
[2024-06-15T05:44:50.618+0000] {processor.py:829} INFO - Processing file /opt/airflow/dags/kafka_stream.py for tasks to queue
[2024-06-15T05:44:50.620+0000] {logging_mixin.py:151} INFO - [2024-06-15T05:44:50.619+0000] {dagbag.py:539} INFO - Filling up the DagBag from /opt/airflow/dags/kafka_stream.py
[2024-06-15T05:44:50.634+0000] {processor.py:839} INFO - DAG(s) dict_keys(['weather']) retrieved from /opt/airflow/dags/kafka_stream.py
[2024-06-15T05:44:50.655+0000] {logging_mixin.py:151} INFO - [2024-06-15T05:44:50.655+0000] {dag.py:2907} INFO - Sync 1 DAGs
[2024-06-15T05:44:50.669+0000] {logging_mixin.py:151} INFO - [2024-06-15T05:44:50.669+0000] {dag.py:3677} INFO - Setting next_dagrun for weather to 2024-06-15T05:30:00+00:00, run_after=2024-06-15T05:45:00+00:00
[2024-06-15T05:44:50.676+0000] {processor.py:179} INFO - Processing /opt/airflow/dags/kafka_stream.py took 0.067 seconds
[2024-06-15T05:45:20.917+0000] {processor.py:157} INFO - Started process (PID=167) to work on /opt/airflow/dags/kafka_stream.py
[2024-06-15T05:45:20.919+0000] {processor.py:829} INFO - Processing file /opt/airflow/dags/kafka_stream.py for tasks to queue
[2024-06-15T05:45:20.921+0000] {logging_mixin.py:151} INFO - [2024-06-15T05:45:20.920+0000] {dagbag.py:539} INFO - Filling up the DagBag from /opt/airflow/dags/kafka_stream.py
[2024-06-15T05:45:20.966+0000] {processor.py:839} INFO - DAG(s) dict_keys(['weather']) retrieved from /opt/airflow/dags/kafka_stream.py
[2024-06-15T05:45:20.991+0000] {logging_mixin.py:151} INFO - [2024-06-15T05:45:20.991+0000] {dag.py:2907} INFO - Sync 1 DAGs
[2024-06-15T05:45:21.009+0000] {logging_mixin.py:151} INFO - [2024-06-15T05:45:21.008+0000] {dag.py:3677} INFO - Setting next_dagrun for weather to 2024-06-15T05:45:00+00:00, run_after=2024-06-15T06:00:00+00:00
[2024-06-15T05:45:21.019+0000] {processor.py:179} INFO - Processing /opt/airflow/dags/kafka_stream.py took 0.110 seconds
[2024-06-15T05:45:51.253+0000] {processor.py:157} INFO - Started process (PID=168) to work on /opt/airflow/dags/kafka_stream.py
[2024-06-15T05:45:51.254+0000] {processor.py:829} INFO - Processing file /opt/airflow/dags/kafka_stream.py for tasks to queue
[2024-06-15T05:45:51.256+0000] {logging_mixin.py:151} INFO - [2024-06-15T05:45:51.255+0000] {dagbag.py:539} INFO - Filling up the DagBag from /opt/airflow/dags/kafka_stream.py
[2024-06-15T05:45:51.270+0000] {processor.py:839} INFO - DAG(s) dict_keys(['weather']) retrieved from /opt/airflow/dags/kafka_stream.py
[2024-06-15T05:45:51.292+0000] {logging_mixin.py:151} INFO - [2024-06-15T05:45:51.292+0000] {dag.py:2907} INFO - Sync 1 DAGs
[2024-06-15T05:45:51.304+0000] {logging_mixin.py:151} INFO - [2024-06-15T05:45:51.304+0000] {dag.py:3677} INFO - Setting next_dagrun for weather to 2024-06-15T05:45:00+00:00, run_after=2024-06-15T06:00:00+00:00
[2024-06-15T05:45:51.312+0000] {processor.py:179} INFO - Processing /opt/airflow/dags/kafka_stream.py took 0.064 seconds
[2024-06-15T05:46:21.643+0000] {processor.py:157} INFO - Started process (PID=169) to work on /opt/airflow/dags/kafka_stream.py
[2024-06-15T05:46:21.645+0000] {processor.py:829} INFO - Processing file /opt/airflow/dags/kafka_stream.py for tasks to queue
[2024-06-15T05:46:21.647+0000] {logging_mixin.py:151} INFO - [2024-06-15T05:46:21.646+0000] {dagbag.py:539} INFO - Filling up the DagBag from /opt/airflow/dags/kafka_stream.py
[2024-06-15T05:46:21.683+0000] {processor.py:839} INFO - DAG(s) dict_keys(['weather']) retrieved from /opt/airflow/dags/kafka_stream.py
[2024-06-15T05:46:21.713+0000] {logging_mixin.py:151} INFO - [2024-06-15T05:46:21.713+0000] {dag.py:2907} INFO - Sync 1 DAGs
[2024-06-15T05:46:21.728+0000] {logging_mixin.py:151} INFO - [2024-06-15T05:46:21.728+0000] {dag.py:3677} INFO - Setting next_dagrun for weather to 2024-06-15T05:45:00+00:00, run_after=2024-06-15T06:00:00+00:00
[2024-06-15T05:46:21.736+0000] {processor.py:179} INFO - Processing /opt/airflow/dags/kafka_stream.py took 0.098 seconds
[2024-06-15T05:46:51.956+0000] {processor.py:157} INFO - Started process (PID=170) to work on /opt/airflow/dags/kafka_stream.py
[2024-06-15T05:46:51.957+0000] {processor.py:829} INFO - Processing file /opt/airflow/dags/kafka_stream.py for tasks to queue
[2024-06-15T05:46:51.958+0000] {logging_mixin.py:151} INFO - [2024-06-15T05:46:51.958+0000] {dagbag.py:539} INFO - Filling up the DagBag from /opt/airflow/dags/kafka_stream.py
[2024-06-15T05:46:51.974+0000] {processor.py:839} INFO - DAG(s) dict_keys(['weather']) retrieved from /opt/airflow/dags/kafka_stream.py
[2024-06-15T05:46:51.996+0000] {logging_mixin.py:151} INFO - [2024-06-15T05:46:51.996+0000] {dag.py:2907} INFO - Sync 1 DAGs
[2024-06-15T05:46:52.009+0000] {logging_mixin.py:151} INFO - [2024-06-15T05:46:52.009+0000] {dag.py:3677} INFO - Setting next_dagrun for weather to 2024-06-15T05:45:00+00:00, run_after=2024-06-15T06:00:00+00:00
[2024-06-15T05:46:52.017+0000] {processor.py:179} INFO - Processing /opt/airflow/dags/kafka_stream.py took 0.065 seconds
[2024-06-15T05:47:22.295+0000] {processor.py:157} INFO - Started process (PID=171) to work on /opt/airflow/dags/kafka_stream.py
[2024-06-15T05:47:22.298+0000] {processor.py:829} INFO - Processing file /opt/airflow/dags/kafka_stream.py for tasks to queue
[2024-06-15T05:47:22.299+0000] {logging_mixin.py:151} INFO - [2024-06-15T05:47:22.299+0000] {dagbag.py:539} INFO - Filling up the DagBag from /opt/airflow/dags/kafka_stream.py
[2024-06-15T05:47:22.319+0000] {processor.py:839} INFO - DAG(s) dict_keys(['weather']) retrieved from /opt/airflow/dags/kafka_stream.py
[2024-06-15T05:47:22.347+0000] {logging_mixin.py:151} INFO - [2024-06-15T05:47:22.346+0000] {dag.py:2907} INFO - Sync 1 DAGs
[2024-06-15T05:47:22.360+0000] {logging_mixin.py:151} INFO - [2024-06-15T05:47:22.360+0000] {dag.py:3677} INFO - Setting next_dagrun for weather to 2024-06-15T05:45:00+00:00, run_after=2024-06-15T06:00:00+00:00
[2024-06-15T05:47:22.375+0000] {processor.py:179} INFO - Processing /opt/airflow/dags/kafka_stream.py took 0.084 seconds
[2024-06-15T05:47:52.631+0000] {processor.py:157} INFO - Started process (PID=172) to work on /opt/airflow/dags/kafka_stream.py
[2024-06-15T05:47:52.633+0000] {processor.py:829} INFO - Processing file /opt/airflow/dags/kafka_stream.py for tasks to queue
[2024-06-15T05:47:52.635+0000] {logging_mixin.py:151} INFO - [2024-06-15T05:47:52.634+0000] {dagbag.py:539} INFO - Filling up the DagBag from /opt/airflow/dags/kafka_stream.py
[2024-06-15T05:47:52.676+0000] {processor.py:839} INFO - DAG(s) dict_keys(['weather']) retrieved from /opt/airflow/dags/kafka_stream.py
[2024-06-15T05:47:52.704+0000] {logging_mixin.py:151} INFO - [2024-06-15T05:47:52.704+0000] {dag.py:2907} INFO - Sync 1 DAGs
[2024-06-15T05:47:52.720+0000] {logging_mixin.py:151} INFO - [2024-06-15T05:47:52.720+0000] {dag.py:3677} INFO - Setting next_dagrun for weather to 2024-06-15T05:45:00+00:00, run_after=2024-06-15T06:00:00+00:00
[2024-06-15T05:47:52.730+0000] {processor.py:179} INFO - Processing /opt/airflow/dags/kafka_stream.py took 0.105 seconds
[2024-06-15T05:48:22.992+0000] {processor.py:157} INFO - Started process (PID=173) to work on /opt/airflow/dags/kafka_stream.py
[2024-06-15T05:48:22.994+0000] {processor.py:829} INFO - Processing file /opt/airflow/dags/kafka_stream.py for tasks to queue
[2024-06-15T05:48:22.995+0000] {logging_mixin.py:151} INFO - [2024-06-15T05:48:22.994+0000] {dagbag.py:539} INFO - Filling up the DagBag from /opt/airflow/dags/kafka_stream.py
[2024-06-15T05:48:23.027+0000] {processor.py:839} INFO - DAG(s) dict_keys(['weather']) retrieved from /opt/airflow/dags/kafka_stream.py
[2024-06-15T05:48:23.056+0000] {logging_mixin.py:151} INFO - [2024-06-15T05:48:23.056+0000] {dag.py:2907} INFO - Sync 1 DAGs
[2024-06-15T05:48:23.071+0000] {logging_mixin.py:151} INFO - [2024-06-15T05:48:23.071+0000] {dag.py:3677} INFO - Setting next_dagrun for weather to 2024-06-15T05:45:00+00:00, run_after=2024-06-15T06:00:00+00:00
[2024-06-15T05:48:23.080+0000] {processor.py:179} INFO - Processing /opt/airflow/dags/kafka_stream.py took 0.093 seconds
